The system is: Linux - 2.6.32-573.18.1.el6.x86_64 - x86_64
Compiling the C compiler identification source file "CMakeCCompilerId.c" succeeded.
Compiler: /usr/bin/cc 
Build flags: 
Id flags: 

The output was:
0


Compilation of the C compiler identification source "CMakeCCompilerId.c" produced "a.out"

The C compiler identification is GNU, found in "/mnt/projects/CSE_BME_AXM788/home/soumya/DEV/ANTs/build/CMakeFiles/2.8.10.2/CompilerIdC/a.out"

Compiling the CXX compiler identification source file "CMakeCXXCompilerId.cpp" succeeded.
Compiler: /usr/bin/c++ 
Build flags: 
Id flags: 

The output was:
0


Compilation of the CXX compiler identification source "CMakeCXXCompilerId.cpp" produced "a.out"

The CXX compiler identification is GNU, found in "/mnt/projects/CSE_BME_AXM788/home/soumya/DEV/ANTs/build/CMakeFiles/2.8.10.2/CompilerIdCXX/a.out"

Determining if the C compiler works passed with the following output:
Change Dir: /mnt/projects/CSE_BME_AXM788/home/soumya/DEV/ANTs/build/CMakeFiles/CMakeTmp

Run Build Command:/usr/bin/gmake "cmTryCompileExec3792206297/fast"
/usr/bin/gmake -f CMakeFiles/cmTryCompileExec3792206297.dir/build.make CMakeFiles/cmTryCompileExec3792206297.dir/build
gmake[1]: Entering directory `/mnt/projects/CSE_BME_AXM788/home/soumya/DEV/ANTs/build/CMakeFiles/CMakeTmp'
/usr/local/cmake/2.8.10.2/bin/cmake -E cmake_progress_report /mnt/projects/CSE_BME_AXM788/home/soumya/DEV/ANTs/build/CMakeFiles/CMakeTmp/CMakeFiles 1
Building C object CMakeFiles/cmTryCompileExec3792206297.dir/testCCompiler.c.o
/usr/bin/cc    -o CMakeFiles/cmTryCompileExec3792206297.dir/testCCompiler.c.o   -c /mnt/projects/CSE_BME_AXM788/home/soumya/DEV/ANTs/build/CMakeFiles/CMakeTmp/testCCompiler.c
Linking C executable cmTryCompileExec3792206297
/usr/local/cmake/2.8.10.2/bin/cmake -E cmake_link_script CMakeFiles/cmTryCompileExec3792206297.dir/link.txt --verbose=1
/usr/bin/cc         CMakeFiles/cmTryCompileExec3792206297.dir/testCCompiler.c.o  -o cmTryCompileExec3792206297 -rdynamic 
gmake[1]: Leaving directory `/mnt/projects/CSE_BME_AXM788/home/soumya/DEV/ANTs/build/CMakeFiles/CMakeTmp'


Detecting C compiler ABI info compiled with the following output:
Change Dir: /mnt/projects/CSE_BME_AXM788/home/soumya/DEV/ANTs/build/CMakeFiles/CMakeTmp

Run Build Command:/usr/bin/gmake "cmTryCompileExec3656353135/fast"
/usr/bin/gmake -f CMakeFiles/cmTryCompileExec3656353135.dir/build.make CMakeFiles/cmTryCompileExec3656353135.dir/build
gmake[1]: Entering directory `/mnt/projects/CSE_BME_AXM788/home/soumya/DEV/ANTs/build/CMakeFiles/CMakeTmp'
/usr/local/cmake/2.8.10.2/bin/cmake -E cmake_progress_report /mnt/projects/CSE_BME_AXM788/home/soumya/DEV/ANTs/build/CMakeFiles/CMakeTmp/CMakeFiles 1
Building C object CMakeFiles/cmTryCompileExec3656353135.dir/CMakeCCompilerABI.c.o
/usr/bin/cc    -o CMakeFiles/cmTryCompileExec3656353135.dir/CMakeCCompilerABI.c.o   -c /usr/local/cmake/2.8.10.2/share/cmake-2.8/Modules/CMakeCCompilerABI.c
Linking C executable cmTryCompileExec3656353135
/usr/local/cmake/2.8.10.2/bin/cmake -E cmake_link_script CMakeFiles/cmTryCompileExec3656353135.dir/link.txt --verbose=1
/usr/bin/cc       -v CMakeFiles/cmTryCompileExec3656353135.dir/CMakeCCompilerABI.c.o  -o cmTryCompileExec3656353135 -rdynamic  
Using built-in specs.
Target: x86_64-redhat-linux
Configured with: ../configure --prefix=/usr --mandir=/usr/share/man --infodir=/usr/share/info --with-bugurl=http://bugzilla.redhat.com/bugzilla --enable-bootstrap --enable-shared --enable-threads=posix --enable-checking=release --with-system-zlib --enable-__cxa_atexit --disable-libunwind-exceptions --enable-gnu-unique-object --enable-languages=c,c++,objc,obj-c++,java,fortran,ada --enable-java-awt=gtk --disable-dssi --with-java-home=/usr/lib/jvm/java-1.5.0-gcj-1.5.0.0/jre --enable-libgcj-multifile --enable-java-maintainer-mode --with-ecj-jar=/usr/share/java/eclipse-ecj.jar --disable-libjava-multilib --with-ppl --with-cloog --with-tune=generic --with-arch_32=i686 --build=x86_64-redhat-linux
Thread model: posix
gcc version 4.4.7 20120313 (Red Hat 4.4.7-16) (GCC) 
COMPILER_PATH=/usr/libexec/gcc/x86_64-redhat-linux/4.4.7/:/usr/libexec/gcc/x86_64-redhat-linux/4.4.7/:/usr/libexec/gcc/x86_64-redhat-linux/:/usr/lib/gcc/x86_64-redhat-linux/4.4.7/:/usr/lib/gcc/x86_64-redhat-linux/:/usr/libexec/gcc/x86_64-redhat-linux/4.4.7/:/usr/libexec/gcc/x86_64-redhat-linux/:/usr/lib/gcc/x86_64-redhat-linux/4.4.7/:/usr/lib/gcc/x86_64-redhat-linux/
LIBRARY_PATH=/usr/local/gcc/4.7.3/lib64/../lib64/:/usr/lib/gcc/x86_64-redhat-linux/4.4.7/:/usr/lib/gcc/x86_64-redhat-linux/4.4.7/:/usr/lib/gcc/x86_64-redhat-linux/4.4.7/../../../../lib64/:/lib/../lib64/:/usr/lib/../lib64/:/usr/local/gcc/4.7.3/lib64/:/usr/local/openmpi/1.6.3/lib/:/usr/local/intel/2013/composer_xe_2013.5.192/compiler/lib/intel64/:/usr/lib/gcc/x86_64-redhat-linux/4.4.7/../../../:/lib/:/usr/lib/
COLLECT_GCC_OPTIONS='-v' '-o' 'cmTryCompileExec3656353135' '-rdynamic' '-mtune=generic'
 /usr/libexec/gcc/x86_64-redhat-linux/4.4.7/collect2 --eh-frame-hdr --build-id -m elf_x86_64 --hash-style=gnu -export-dynamic -dynamic-linker /lib64/ld-linux-x86-64.so.2 -o cmTryCompileExec3656353135 /usr/lib/gcc/x86_64-redhat-linux/4.4.7/../../../../lib64/crt1.o /usr/lib/gcc/x86_64-redhat-linux/4.4.7/../../../../lib64/crti.o /usr/lib/gcc/x86_64-redhat-linux/4.4.7/crtbegin.o -L/usr/local/gcc/4.7.3/lib64/../lib64 -L/usr/lib/gcc/x86_64-redhat-linux/4.4.7 -L/usr/lib/gcc/x86_64-redhat-linux/4.4.7 -L/usr/lib/gcc/x86_64-redhat-linux/4.4.7/../../../../lib64 -L/lib/../lib64 -L/usr/lib/../lib64 -L/usr/local/gcc/4.7.3/lib64 -L/usr/local/openmpi/1.6.3/lib -L/usr/local/intel/2013/composer_xe_2013.5.192/compiler/lib/intel64 -L/usr/lib/gcc/x86_64-redhat-linux/4.4.7/../../.. CMakeFiles/cmTryCompileExec3656353135.dir/CMakeCCompilerABI.c.o -lgcc --as-needed -lgcc_s --no-as-needed -lc -lgcc --as-needed -lgcc_s --no-as-needed /usr/lib/gcc/x86_64-redhat-linux/4.4.7/crtend.o /usr/lib/gcc/x86_64-redhat-linux/4.4.7/../../../../lib64/crtn.o
gmake[1]: Leaving directory `/mnt/projects/CSE_BME_AXM788/home/soumya/DEV/ANTs/build/CMakeFiles/CMakeTmp'


Parsed C implicit link information from above output:
  link line regex: [^( *|.*[/\])(ld|ld|collect2)[^/\]*( |$)]
  ignore line: [Change Dir: /mnt/projects/CSE_BME_AXM788/home/soumya/DEV/ANTs/build/CMakeFiles/CMakeTmp]
  ignore line: []
  ignore line: [Run Build Command:/usr/bin/gmake "cmTryCompileExec3656353135/fast"]
  ignore line: [/usr/bin/gmake -f CMakeFiles/cmTryCompileExec3656353135.dir/build.make CMakeFiles/cmTryCompileExec3656353135.dir/build]
  ignore line: [gmake[1]: Entering directory `/mnt/projects/CSE_BME_AXM788/home/soumya/DEV/ANTs/build/CMakeFiles/CMakeTmp']
  ignore line: [/usr/local/cmake/2.8.10.2/bin/cmake -E cmake_progress_report /mnt/projects/CSE_BME_AXM788/home/soumya/DEV/ANTs/build/CMakeFiles/CMakeTmp/CMakeFiles 1]
  ignore line: [Building C object CMakeFiles/cmTryCompileExec3656353135.dir/CMakeCCompilerABI.c.o]
  ignore line: [/usr/bin/cc    -o CMakeFiles/cmTryCompileExec3656353135.dir/CMakeCCompilerABI.c.o   -c /usr/local/cmake/2.8.10.2/share/cmake-2.8/Modules/CMakeCCompilerABI.c]
  ignore line: [Linking C executable cmTryCompileExec3656353135]
  ignore line: [/usr/local/cmake/2.8.10.2/bin/cmake -E cmake_link_script CMakeFiles/cmTryCompileExec3656353135.dir/link.txt --verbose=1]
  ignore line: [/usr/bin/cc       -v CMakeFiles/cmTryCompileExec3656353135.dir/CMakeCCompilerABI.c.o  -o cmTryCompileExec3656353135 -rdynamic  ]
  ignore line: [Using built-in specs.]
  ignore line: [Target: x86_64-redhat-linux]
  ignore line: [Configured with: ../configure --prefix=/usr --mandir=/usr/share/man --infodir=/usr/share/info --with-bugurl=http://bugzilla.redhat.com/bugzilla --enable-bootstrap --enable-shared --enable-threads=posix --enable-checking=release --with-system-zlib --enable-__cxa_atexit --disable-libunwind-exceptions --enable-gnu-unique-object --enable-languages=c,c++,objc,obj-c++,java,fortran,ada --enable-java-awt=gtk --disable-dssi --with-java-home=/usr/lib/jvm/java-1.5.0-gcj-1.5.0.0/jre --enable-libgcj-multifile --enable-java-maintainer-mode --with-ecj-jar=/usr/share/java/eclipse-ecj.jar --disable-libjava-multilib --with-ppl --with-cloog --with-tune=generic --with-arch_32=i686 --build=x86_64-redhat-linux]
  ignore line: [Thread model: posix]
  ignore line: [gcc version 4.4.7 20120313 (Red Hat 4.4.7-16) (GCC) ]
  ignore line: [COMPILER_PATH=/usr/libexec/gcc/x86_64-redhat-linux/4.4.7/:/usr/libexec/gcc/x86_64-redhat-linux/4.4.7/:/usr/libexec/gcc/x86_64-redhat-linux/:/usr/lib/gcc/x86_64-redhat-linux/4.4.7/:/usr/lib/gcc/x86_64-redhat-linux/:/usr/libexec/gcc/x86_64-redhat-linux/4.4.7/:/usr/libexec/gcc/x86_64-redhat-linux/:/usr/lib/gcc/x86_64-redhat-linux/4.4.7/:/usr/lib/gcc/x86_64-redhat-linux/]
  ignore line: [LIBRARY_PATH=/usr/local/gcc/4.7.3/lib64/../lib64/:/usr/lib/gcc/x86_64-redhat-linux/4.4.7/:/usr/lib/gcc/x86_64-redhat-linux/4.4.7/:/usr/lib/gcc/x86_64-redhat-linux/4.4.7/../../../../lib64/:/lib/../lib64/:/usr/lib/../lib64/:/usr/local/gcc/4.7.3/lib64/:/usr/local/openmpi/1.6.3/lib/:/usr/local/intel/2013/composer_xe_2013.5.192/compiler/lib/intel64/:/usr/lib/gcc/x86_64-redhat-linux/4.4.7/../../../:/lib/:/usr/lib/]
  ignore line: [COLLECT_GCC_OPTIONS='-v' '-o' 'cmTryCompileExec3656353135' '-rdynamic' '-mtune=generic']
  link line: [ /usr/libexec/gcc/x86_64-redhat-linux/4.4.7/collect2 --eh-frame-hdr --build-id -m elf_x86_64 --hash-style=gnu -export-dynamic -dynamic-linker /lib64/ld-linux-x86-64.so.2 -o cmTryCompileExec3656353135 /usr/lib/gcc/x86_64-redhat-linux/4.4.7/../../../../lib64/crt1.o /usr/lib/gcc/x86_64-redhat-linux/4.4.7/../../../../lib64/crti.o /usr/lib/gcc/x86_64-redhat-linux/4.4.7/crtbegin.o -L/usr/local/gcc/4.7.3/lib64/../lib64 -L/usr/lib/gcc/x86_64-redhat-linux/4.4.7 -L/usr/lib/gcc/x86_64-redhat-linux/4.4.7 -L/usr/lib/gcc/x86_64-redhat-linux/4.4.7/../../../../lib64 -L/lib/../lib64 -L/usr/lib/../lib64 -L/usr/local/gcc/4.7.3/lib64 -L/usr/local/openmpi/1.6.3/lib -L/usr/local/intel/2013/composer_xe_2013.5.192/compiler/lib/intel64 -L/usr/lib/gcc/x86_64-redhat-linux/4.4.7/../../.. CMakeFiles/cmTryCompileExec3656353135.dir/CMakeCCompilerABI.c.o -lgcc --as-needed -lgcc_s --no-as-needed -lc -lgcc --as-needed -lgcc_s --no-as-needed /usr/lib/gcc/x86_64-redhat-linux/4.4.7/crtend.o /usr/lib/gcc/x86_64-redhat-linux/4.4.7/../../../../lib64/crtn.o]
    arg [/usr/libexec/gcc/x86_64-redhat-linux/4.4.7/collect2] ==> ignore
    arg [--eh-frame-hdr] ==> ignore
    arg [--build-id] ==> ignore
    arg [-m] ==> ignore
    arg [elf_x86_64] ==> ignore
    arg [--hash-style=gnu] ==> ignore
    arg [-export-dynamic] ==> ignore
    arg [-dynamic-linker] ==> ignore
    arg [/lib64/ld-linux-x86-64.so.2] ==> ignore
    arg [-o] ==> ignore
    arg [cmTryCompileExec3656353135] ==> ignore
    arg [/usr/lib/gcc/x86_64-redhat-linux/4.4.7/../../../../lib64/crt1.o] ==> ignore
    arg [/usr/lib/gcc/x86_64-redhat-linux/4.4.7/../../../../lib64/crti.o] ==> ignore
    arg [/usr/lib/gcc/x86_64-redhat-linux/4.4.7/crtbegin.o] ==> ignore
    arg [-L/usr/local/gcc/4.7.3/lib64/../lib64] ==> dir [/usr/local/gcc/4.7.3/lib64/../lib64]
    arg [-L/usr/lib/gcc/x86_64-redhat-linux/4.4.7] ==> dir [/usr/lib/gcc/x86_64-redhat-linux/4.4.7]
    arg [-L/usr/lib/gcc/x86_64-redhat-linux/4.4.7] ==> dir [/usr/lib/gcc/x86_64-redhat-linux/4.4.7]
    arg [-L/usr/lib/gcc/x86_64-redhat-linux/4.4.7/../../../../lib64] ==> dir [/usr/lib/gcc/x86_64-redhat-linux/4.4.7/../../../../lib64]
    arg [-L/lib/../lib64] ==> dir [/lib/../lib64]
    arg [-L/usr/lib/../lib64] ==> dir [/usr/lib/../lib64]
    arg [-L/usr/local/gcc/4.7.3/lib64] ==> dir [/usr/local/gcc/4.7.3/lib64]
    arg [-L/usr/local/openmpi/1.6.3/lib] ==> dir [/usr/local/openmpi/1.6.3/lib]
    arg [-L/usr/local/intel/2013/composer_xe_2013.5.192/compiler/lib/intel64] ==> dir [/usr/local/intel/2013/composer_xe_2013.5.192/compiler/lib/intel64]
    arg [-L/usr/lib/gcc/x86_64-redhat-linux/4.4.7/../../..] ==> dir [/usr/lib/gcc/x86_64-redhat-linux/4.4.7/../../..]
    arg [CMakeFiles/cmTryCompileExec3656353135.dir/CMakeCCompilerABI.c.o] ==> ignore
    arg [-lgcc] ==> lib [gcc]
    arg [--as-needed] ==> ignore
    arg [-lgcc_s] ==> lib [gcc_s]
    arg [--no-as-needed] ==> ignore
    arg [-lc] ==> lib [c]
    arg [-lgcc] ==> lib [gcc]
    arg [--as-needed] ==> ignore
    arg [-lgcc_s] ==> lib [gcc_s]
    arg [--no-as-needed] ==> ignore
    arg [/usr/lib/gcc/x86_64-redhat-linux/4.4.7/crtend.o] ==> ignore
    arg [/usr/lib/gcc/x86_64-redhat-linux/4.4.7/../../../../lib64/crtn.o] ==> ignore
  remove lib [gcc]
  remove lib [gcc_s]
  remove lib [gcc]
  remove lib [gcc_s]
  collapse dir [/usr/local/gcc/4.7.3/lib64/../lib64] ==> [/usr/local/gcc/4.7.3/lib64]
  collapse dir [/usr/lib/gcc/x86_64-redhat-linux/4.4.7] ==> [/usr/lib/gcc/x86_64-redhat-linux/4.4.7]
  collapse dir [/usr/lib/gcc/x86_64-redhat-linux/4.4.7] ==> [/usr/lib/gcc/x86_64-redhat-linux/4.4.7]
  collapse dir [/usr/lib/gcc/x86_64-redhat-linux/4.4.7/../../../../lib64] ==> [/usr/lib64]
  collapse dir [/lib/../lib64] ==> [/lib64]
  collapse dir [/usr/lib/../lib64] ==> [/usr/lib64]
  collapse dir [/usr/local/gcc/4.7.3/lib64] ==> [/usr/local/gcc/4.7.3/lib64]
  collapse dir [/usr/local/openmpi/1.6.3/lib] ==> [/usr/local/openmpi/1.6.3/lib]
  collapse dir [/usr/local/intel/2013/composer_xe_2013.5.192/compiler/lib/intel64] ==> [/usr/local/intel/2013/composer_xe_2013.5.192/compiler/lib/intel64]
  collapse dir [/usr/lib/gcc/x86_64-redhat-linux/4.4.7/../../..] ==> [/usr/lib]
  implicit libs: [c]
  implicit dirs: [/usr/local/gcc/4.7.3/lib64;/usr/lib/gcc/x86_64-redhat-linux/4.4.7;/usr/lib64;/lib64;/usr/local/openmpi/1.6.3/lib;/usr/local/intel/2013/composer_xe_2013.5.192/compiler/lib/intel64;/usr/lib]


Determining if the CXX compiler works passed with the following output:
Change Dir: /mnt/projects/CSE_BME_AXM788/home/soumya/DEV/ANTs/build/CMakeFiles/CMakeTmp

Run Build Command:/usr/bin/gmake "cmTryCompileExec789591132/fast"
/usr/bin/gmake -f CMakeFiles/cmTryCompileExec789591132.dir/build.make CMakeFiles/cmTryCompileExec789591132.dir/build
gmake[1]: Entering directory `/mnt/projects/CSE_BME_AXM788/home/soumya/DEV/ANTs/build/CMakeFiles/CMakeTmp'
/usr/local/cmake/2.8.10.2/bin/cmake -E cmake_progress_report /mnt/projects/CSE_BME_AXM788/home/soumya/DEV/ANTs/build/CMakeFiles/CMakeTmp/CMakeFiles 1
Building CXX object CMakeFiles/cmTryCompileExec789591132.dir/testCXXCompiler.cxx.o
/usr/bin/c++     -o CMakeFiles/cmTryCompileExec789591132.dir/testCXXCompiler.cxx.o -c /mnt/projects/CSE_BME_AXM788/home/soumya/DEV/ANTs/build/CMakeFiles/CMakeTmp/testCXXCompiler.cxx
Linking CXX executable cmTryCompileExec789591132
/usr/local/cmake/2.8.10.2/bin/cmake -E cmake_link_script CMakeFiles/cmTryCompileExec789591132.dir/link.txt --verbose=1
/usr/bin/c++          CMakeFiles/cmTryCompileExec789591132.dir/testCXXCompiler.cxx.o  -o cmTryCompileExec789591132 -rdynamic 
gmake[1]: Leaving directory `/mnt/projects/CSE_BME_AXM788/home/soumya/DEV/ANTs/build/CMakeFiles/CMakeTmp'


Detecting CXX compiler ABI info compiled with the following output:
Change Dir: /mnt/projects/CSE_BME_AXM788/home/soumya/DEV/ANTs/build/CMakeFiles/CMakeTmp

Run Build Command:/usr/bin/gmake "cmTryCompileExec3517253610/fast"
/usr/bin/gmake -f CMakeFiles/cmTryCompileExec3517253610.dir/build.make CMakeFiles/cmTryCompileExec3517253610.dir/build
gmake[1]: Entering directory `/mnt/projects/CSE_BME_AXM788/home/soumya/DEV/ANTs/build/CMakeFiles/CMakeTmp'
/usr/local/cmake/2.8.10.2/bin/cmake -E cmake_progress_report /mnt/projects/CSE_BME_AXM788/home/soumya/DEV/ANTs/build/CMakeFiles/CMakeTmp/CMakeFiles 1
Building CXX object CMakeFiles/cmTryCompileExec3517253610.dir/CMakeCXXCompilerABI.cpp.o
/usr/bin/c++     -o CMakeFiles/cmTryCompileExec3517253610.dir/CMakeCXXCompilerABI.cpp.o -c /usr/local/cmake/2.8.10.2/share/cmake-2.8/Modules/CMakeCXXCompilerABI.cpp
Linking CXX executable cmTryCompileExec3517253610
/usr/local/cmake/2.8.10.2/bin/cmake -E cmake_link_script CMakeFiles/cmTryCompileExec3517253610.dir/link.txt --verbose=1
/usr/bin/c++        -v CMakeFiles/cmTryCompileExec3517253610.dir/CMakeCXXCompilerABI.cpp.o  -o cmTryCompileExec3517253610 -rdynamic  
Using built-in specs.
Target: x86_64-redhat-linux
Configured with: ../configure --prefix=/usr --mandir=/usr/share/man --infodir=/usr/share/info --with-bugurl=http://bugzilla.redhat.com/bugzilla --enable-bootstrap --enable-shared --enable-threads=posix --enable-checking=release --with-system-zlib --enable-__cxa_atexit --disable-libunwind-exceptions --enable-gnu-unique-object --enable-languages=c,c++,objc,obj-c++,java,fortran,ada --enable-java-awt=gtk --disable-dssi --with-java-home=/usr/lib/jvm/java-1.5.0-gcj-1.5.0.0/jre --enable-libgcj-multifile --enable-java-maintainer-mode --with-ecj-jar=/usr/share/java/eclipse-ecj.jar --disable-libjava-multilib --with-ppl --with-cloog --with-tune=generic --with-arch_32=i686 --build=x86_64-redhat-linux
Thread model: posix
gcc version 4.4.7 20120313 (Red Hat 4.4.7-16) (GCC) 
COMPILER_PATH=/usr/libexec/gcc/x86_64-redhat-linux/4.4.7/:/usr/libexec/gcc/x86_64-redhat-linux/4.4.7/:/usr/libexec/gcc/x86_64-redhat-linux/:/usr/lib/gcc/x86_64-redhat-linux/4.4.7/:/usr/lib/gcc/x86_64-redhat-linux/:/usr/libexec/gcc/x86_64-redhat-linux/4.4.7/:/usr/libexec/gcc/x86_64-redhat-linux/:/usr/lib/gcc/x86_64-redhat-linux/4.4.7/:/usr/lib/gcc/x86_64-redhat-linux/
LIBRARY_PATH=/usr/local/gcc/4.7.3/lib64/../lib64/:/usr/lib/gcc/x86_64-redhat-linux/4.4.7/:/usr/lib/gcc/x86_64-redhat-linux/4.4.7/:/usr/lib/gcc/x86_64-redhat-linux/4.4.7/../../../../lib64/:/lib/../lib64/:/usr/lib/../lib64/:/usr/local/gcc/4.7.3/lib64/:/usr/local/openmpi/1.6.3/lib/:/usr/local/intel/2013/composer_xe_2013.5.192/compiler/lib/intel64/:/usr/lib/gcc/x86_64-redhat-linux/4.4.7/../../../:/lib/:/usr/lib/
COLLECT_GCC_OPTIONS='-v' '-o' 'cmTryCompileExec3517253610' '-rdynamic' '-shared-libgcc' '-mtune=generic'
 /usr/libexec/gcc/x86_64-redhat-linux/4.4.7/collect2 --eh-frame-hdr --build-id -m elf_x86_64 --hash-style=gnu -export-dynamic -dynamic-linker /lib64/ld-linux-x86-64.so.2 -o cmTryCompileExec3517253610 /usr/lib/gcc/x86_64-redhat-linux/4.4.7/../../../../lib64/crt1.o /usr/lib/gcc/x86_64-redhat-linux/4.4.7/../../../../lib64/crti.o /usr/lib/gcc/x86_64-redhat-linux/4.4.7/crtbegin.o -L/usr/local/gcc/4.7.3/lib64/../lib64 -L/usr/lib/gcc/x86_64-redhat-linux/4.4.7 -L/usr/lib/gcc/x86_64-redhat-linux/4.4.7 -L/usr/lib/gcc/x86_64-redhat-linux/4.4.7/../../../../lib64 -L/lib/../lib64 -L/usr/lib/../lib64 -L/usr/local/gcc/4.7.3/lib64 -L/usr/local/openmpi/1.6.3/lib -L/usr/local/intel/2013/composer_xe_2013.5.192/compiler/lib/intel64 -L/usr/lib/gcc/x86_64-redhat-linux/4.4.7/../../.. CMakeFiles/cmTryCompileExec3517253610.dir/CMakeCXXCompilerABI.cpp.o -lstdc++ -lm -lgcc_s -lgcc -lc -lgcc_s -lgcc /usr/lib/gcc/x86_64-redhat-linux/4.4.7/crtend.o /usr/lib/gcc/x86_64-redhat-linux/4.4.7/../../../../lib64/crtn.o
gmake[1]: Leaving directory `/mnt/projects/CSE_BME_AXM788/home/soumya/DEV/ANTs/build/CMakeFiles/CMakeTmp'


Parsed CXX implicit link information from above output:
  link line regex: [^( *|.*[/\])(ld|ld|collect2)[^/\]*( |$)]
  ignore line: [Change Dir: /mnt/projects/CSE_BME_AXM788/home/soumya/DEV/ANTs/build/CMakeFiles/CMakeTmp]
  ignore line: []
  ignore line: [Run Build Command:/usr/bin/gmake "cmTryCompileExec3517253610/fast"]
  ignore line: [/usr/bin/gmake -f CMakeFiles/cmTryCompileExec3517253610.dir/build.make CMakeFiles/cmTryCompileExec3517253610.dir/build]
  ignore line: [gmake[1]: Entering directory `/mnt/projects/CSE_BME_AXM788/home/soumya/DEV/ANTs/build/CMakeFiles/CMakeTmp']
  ignore line: [/usr/local/cmake/2.8.10.2/bin/cmake -E cmake_progress_report /mnt/projects/CSE_BME_AXM788/home/soumya/DEV/ANTs/build/CMakeFiles/CMakeTmp/CMakeFiles 1]
  ignore line: [Building CXX object CMakeFiles/cmTryCompileExec3517253610.dir/CMakeCXXCompilerABI.cpp.o]
  ignore line: [/usr/bin/c++     -o CMakeFiles/cmTryCompileExec3517253610.dir/CMakeCXXCompilerABI.cpp.o -c /usr/local/cmake/2.8.10.2/share/cmake-2.8/Modules/CMakeCXXCompilerABI.cpp]
  ignore line: [Linking CXX executable cmTryCompileExec3517253610]
  ignore line: [/usr/local/cmake/2.8.10.2/bin/cmake -E cmake_link_script CMakeFiles/cmTryCompileExec3517253610.dir/link.txt --verbose=1]
  ignore line: [/usr/bin/c++        -v CMakeFiles/cmTryCompileExec3517253610.dir/CMakeCXXCompilerABI.cpp.o  -o cmTryCompileExec3517253610 -rdynamic  ]
  ignore line: [Using built-in specs.]
  ignore line: [Target: x86_64-redhat-linux]
  ignore line: [Configured with: ../configure --prefix=/usr --mandir=/usr/share/man --infodir=/usr/share/info --with-bugurl=http://bugzilla.redhat.com/bugzilla --enable-bootstrap --enable-shared --enable-threads=posix --enable-checking=release --with-system-zlib --enable-__cxa_atexit --disable-libunwind-exceptions --enable-gnu-unique-object --enable-languages=c,c++,objc,obj-c++,java,fortran,ada --enable-java-awt=gtk --disable-dssi --with-java-home=/usr/lib/jvm/java-1.5.0-gcj-1.5.0.0/jre --enable-libgcj-multifile --enable-java-maintainer-mode --with-ecj-jar=/usr/share/java/eclipse-ecj.jar --disable-libjava-multilib --with-ppl --with-cloog --with-tune=generic --with-arch_32=i686 --build=x86_64-redhat-linux]
  ignore line: [Thread model: posix]
  ignore line: [gcc version 4.4.7 20120313 (Red Hat 4.4.7-16) (GCC) ]
  ignore line: [COMPILER_PATH=/usr/libexec/gcc/x86_64-redhat-linux/4.4.7/:/usr/libexec/gcc/x86_64-redhat-linux/4.4.7/:/usr/libexec/gcc/x86_64-redhat-linux/:/usr/lib/gcc/x86_64-redhat-linux/4.4.7/:/usr/lib/gcc/x86_64-redhat-linux/:/usr/libexec/gcc/x86_64-redhat-linux/4.4.7/:/usr/libexec/gcc/x86_64-redhat-linux/:/usr/lib/gcc/x86_64-redhat-linux/4.4.7/:/usr/lib/gcc/x86_64-redhat-linux/]
  ignore line: [LIBRARY_PATH=/usr/local/gcc/4.7.3/lib64/../lib64/:/usr/lib/gcc/x86_64-redhat-linux/4.4.7/:/usr/lib/gcc/x86_64-redhat-linux/4.4.7/:/usr/lib/gcc/x86_64-redhat-linux/4.4.7/../../../../lib64/:/lib/../lib64/:/usr/lib/../lib64/:/usr/local/gcc/4.7.3/lib64/:/usr/local/openmpi/1.6.3/lib/:/usr/local/intel/2013/composer_xe_2013.5.192/compiler/lib/intel64/:/usr/lib/gcc/x86_64-redhat-linux/4.4.7/../../../:/lib/:/usr/lib/]
  ignore line: [COLLECT_GCC_OPTIONS='-v' '-o' 'cmTryCompileExec3517253610' '-rdynamic' '-shared-libgcc' '-mtune=generic']
  link line: [ /usr/libexec/gcc/x86_64-redhat-linux/4.4.7/collect2 --eh-frame-hdr --build-id -m elf_x86_64 --hash-style=gnu -export-dynamic -dynamic-linker /lib64/ld-linux-x86-64.so.2 -o cmTryCompileExec3517253610 /usr/lib/gcc/x86_64-redhat-linux/4.4.7/../../../../lib64/crt1.o /usr/lib/gcc/x86_64-redhat-linux/4.4.7/../../../../lib64/crti.o /usr/lib/gcc/x86_64-redhat-linux/4.4.7/crtbegin.o -L/usr/local/gcc/4.7.3/lib64/../lib64 -L/usr/lib/gcc/x86_64-redhat-linux/4.4.7 -L/usr/lib/gcc/x86_64-redhat-linux/4.4.7 -L/usr/lib/gcc/x86_64-redhat-linux/4.4.7/../../../../lib64 -L/lib/../lib64 -L/usr/lib/../lib64 -L/usr/local/gcc/4.7.3/lib64 -L/usr/local/openmpi/1.6.3/lib -L/usr/local/intel/2013/composer_xe_2013.5.192/compiler/lib/intel64 -L/usr/lib/gcc/x86_64-redhat-linux/4.4.7/../../.. CMakeFiles/cmTryCompileExec3517253610.dir/CMakeCXXCompilerABI.cpp.o -lstdc++ -lm -lgcc_s -lgcc -lc -lgcc_s -lgcc /usr/lib/gcc/x86_64-redhat-linux/4.4.7/crtend.o /usr/lib/gcc/x86_64-redhat-linux/4.4.7/../../../../lib64/crtn.o]
    arg [/usr/libexec/gcc/x86_64-redhat-linux/4.4.7/collect2] ==> ignore
    arg [--eh-frame-hdr] ==> ignore
    arg [--build-id] ==> ignore
    arg [-m] ==> ignore
    arg [elf_x86_64] ==> ignore
    arg [--hash-style=gnu] ==> ignore
    arg [-export-dynamic] ==> ignore
    arg [-dynamic-linker] ==> ignore
    arg [/lib64/ld-linux-x86-64.so.2] ==> ignore
    arg [-o] ==> ignore
    arg [cmTryCompileExec3517253610] ==> ignore
    arg [/usr/lib/gcc/x86_64-redhat-linux/4.4.7/../../../../lib64/crt1.o] ==> ignore
    arg [/usr/lib/gcc/x86_64-redhat-linux/4.4.7/../../../../lib64/crti.o] ==> ignore
    arg [/usr/lib/gcc/x86_64-redhat-linux/4.4.7/crtbegin.o] ==> ignore
    arg [-L/usr/local/gcc/4.7.3/lib64/../lib64] ==> dir [/usr/local/gcc/4.7.3/lib64/../lib64]
    arg [-L/usr/lib/gcc/x86_64-redhat-linux/4.4.7] ==> dir [/usr/lib/gcc/x86_64-redhat-linux/4.4.7]
    arg [-L/usr/lib/gcc/x86_64-redhat-linux/4.4.7] ==> dir [/usr/lib/gcc/x86_64-redhat-linux/4.4.7]
    arg [-L/usr/lib/gcc/x86_64-redhat-linux/4.4.7/../../../../lib64] ==> dir [/usr/lib/gcc/x86_64-redhat-linux/4.4.7/../../../../lib64]
    arg [-L/lib/../lib64] ==> dir [/lib/../lib64]
    arg [-L/usr/lib/../lib64] ==> dir [/usr/lib/../lib64]
    arg [-L/usr/local/gcc/4.7.3/lib64] ==> dir [/usr/local/gcc/4.7.3/lib64]
    arg [-L/usr/local/openmpi/1.6.3/lib] ==> dir [/usr/local/openmpi/1.6.3/lib]
    arg [-L/usr/local/intel/2013/composer_xe_2013.5.192/compiler/lib/intel64] ==> dir [/usr/local/intel/2013/composer_xe_2013.5.192/compiler/lib/intel64]
    arg [-L/usr/lib/gcc/x86_64-redhat-linux/4.4.7/../../..] ==> dir [/usr/lib/gcc/x86_64-redhat-linux/4.4.7/../../..]
    arg [CMakeFiles/cmTryCompileExec3517253610.dir/CMakeCXXCompilerABI.cpp.o] ==> ignore
    arg [-lstdc++] ==> lib [stdc++]
    arg [-lm] ==> lib [m]
    arg [-lgcc_s] ==> lib [gcc_s]
    arg [-lgcc] ==> lib [gcc]
    arg [-lc] ==> lib [c]
    arg [-lgcc_s] ==> lib [gcc_s]
    arg [-lgcc] ==> lib [gcc]
    arg [/usr/lib/gcc/x86_64-redhat-linux/4.4.7/crtend.o] ==> ignore
    arg [/usr/lib/gcc/x86_64-redhat-linux/4.4.7/../../../../lib64/crtn.o] ==> ignore
  remove lib [gcc_s]
  remove lib [gcc]
  remove lib [gcc_s]
  remove lib [gcc]
  collapse dir [/usr/local/gcc/4.7.3/lib64/../lib64] ==> [/usr/local/gcc/4.7.3/lib64]
  collapse dir [/usr/lib/gcc/x86_64-redhat-linux/4.4.7] ==> [/usr/lib/gcc/x86_64-redhat-linux/4.4.7]
  collapse dir [/usr/lib/gcc/x86_64-redhat-linux/4.4.7] ==> [/usr/lib/gcc/x86_64-redhat-linux/4.4.7]
  collapse dir [/usr/lib/gcc/x86_64-redhat-linux/4.4.7/../../../../lib64] ==> [/usr/lib64]
  collapse dir [/lib/../lib64] ==> [/lib64]
  collapse dir [/usr/lib/../lib64] ==> [/usr/lib64]
  collapse dir [/usr/local/gcc/4.7.3/lib64] ==> [/usr/local/gcc/4.7.3/lib64]
  collapse dir [/usr/local/openmpi/1.6.3/lib] ==> [/usr/local/openmpi/1.6.3/lib]
  collapse dir [/usr/local/intel/2013/composer_xe_2013.5.192/compiler/lib/intel64] ==> [/usr/local/intel/2013/composer_xe_2013.5.192/compiler/lib/intel64]
  collapse dir [/usr/lib/gcc/x86_64-redhat-linux/4.4.7/../../..] ==> [/usr/lib]
  implicit libs: [stdc++;m;c]
  implicit dirs: [/usr/local/gcc/4.7.3/lib64;/usr/lib/gcc/x86_64-redhat-linux/4.4.7;/usr/lib64;/lib64;/usr/local/openmpi/1.6.3/lib;/usr/local/intel/2013/composer_xe_2013.5.192/compiler/lib/intel64;/usr/lib]


Performing C SOURCE FILE Test C_HAS_WARNING-Wno-uninitialized succeded with the following output:
Change Dir: /mnt/projects/CSE_BME_AXM788/home/soumya/DEV/ANTs/build/CMakeFiles/CMakeTmp

Run Build Command:/usr/bin/gmake "cmTryCompileExec2554398665/fast"
/usr/bin/gmake -f CMakeFiles/cmTryCompileExec2554398665.dir/build.make CMakeFiles/cmTryCompileExec2554398665.dir/build
gmake[1]: Entering directory `/mnt/projects/CSE_BME_AXM788/home/soumya/DEV/ANTs/build/CMakeFiles/CMakeTmp'
/usr/local/cmake/2.8.10.2/bin/cmake -E cmake_progress_report /mnt/projects/CSE_BME_AXM788/home/soumya/DEV/ANTs/build/CMakeFiles/CMakeTmp/CMakeFiles 1
Building C object CMakeFiles/cmTryCompileExec2554398665.dir/src.c.o
/usr/bin/cc   -DC_HAS_WARNING-Wno-uninitialized   -Wno-uninitialized -o CMakeFiles/cmTryCompileExec2554398665.dir/src.c.o   -c /mnt/projects/CSE_BME_AXM788/home/soumya/DEV/ANTs/build/CMakeFiles/CMakeTmp/src.c
<command-line>: warning: missing whitespace after the macro name
Linking C executable cmTryCompileExec2554398665
/usr/local/cmake/2.8.10.2/bin/cmake -E cmake_link_script CMakeFiles/cmTryCompileExec2554398665.dir/link.txt --verbose=1
/usr/bin/cc     -DC_HAS_WARNING-Wno-uninitialized    CMakeFiles/cmTryCompileExec2554398665.dir/src.c.o  -o cmTryCompileExec2554398665 -rdynamic 
gmake[1]: Leaving directory `/mnt/projects/CSE_BME_AXM788/home/soumya/DEV/ANTs/build/CMakeFiles/CMakeTmp'

Source file was:
int main(void) { return 0; }
Performing C SOURCE FILE Test C_HAS_WARNING-Wno-unused-parameter succeded with the following output:
Change Dir: /mnt/projects/CSE_BME_AXM788/home/soumya/DEV/ANTs/build/CMakeFiles/CMakeTmp

Run Build Command:/usr/bin/gmake "cmTryCompileExec4274373490/fast"
/usr/bin/gmake -f CMakeFiles/cmTryCompileExec4274373490.dir/build.make CMakeFiles/cmTryCompileExec4274373490.dir/build
gmake[1]: Entering directory `/mnt/projects/CSE_BME_AXM788/home/soumya/DEV/ANTs/build/CMakeFiles/CMakeTmp'
/usr/local/cmake/2.8.10.2/bin/cmake -E cmake_progress_report /mnt/projects/CSE_BME_AXM788/home/soumya/DEV/ANTs/build/CMakeFiles/CMakeTmp/CMakeFiles 1
Building C object CMakeFiles/cmTryCompileExec4274373490.dir/src.c.o
/usr/bin/cc   -DC_HAS_WARNING-Wno-unused-parameter   -Wno-unused-parameter -o CMakeFiles/cmTryCompileExec4274373490.dir/src.c.o   -c /mnt/projects/CSE_BME_AXM788/home/soumya/DEV/ANTs/build/CMakeFiles/CMakeTmp/src.c
<command-line>: warning: missing whitespace after the macro name
Linking C executable cmTryCompileExec4274373490
/usr/local/cmake/2.8.10.2/bin/cmake -E cmake_link_script CMakeFiles/cmTryCompileExec4274373490.dir/link.txt --verbose=1
/usr/bin/cc     -DC_HAS_WARNING-Wno-unused-parameter    CMakeFiles/cmTryCompileExec4274373490.dir/src.c.o  -o cmTryCompileExec4274373490 -rdynamic 
gmake[1]: Leaving directory `/mnt/projects/CSE_BME_AXM788/home/soumya/DEV/ANTs/build/CMakeFiles/CMakeTmp'

Source file was:
int main(void) { return 0; }
Performing C SOURCE FILE Test C_HAS_WARNING-Wall succeded with the following output:
Change Dir: /mnt/projects/CSE_BME_AXM788/home/soumya/DEV/ANTs/build/CMakeFiles/CMakeTmp

Run Build Command:/usr/bin/gmake "cmTryCompileExec2405716351/fast"
/usr/bin/gmake -f CMakeFiles/cmTryCompileExec2405716351.dir/build.make CMakeFiles/cmTryCompileExec2405716351.dir/build
gmake[1]: Entering directory `/mnt/projects/CSE_BME_AXM788/home/soumya/DEV/ANTs/build/CMakeFiles/CMakeTmp'
/usr/local/cmake/2.8.10.2/bin/cmake -E cmake_progress_report /mnt/projects/CSE_BME_AXM788/home/soumya/DEV/ANTs/build/CMakeFiles/CMakeTmp/CMakeFiles 1
Building C object CMakeFiles/cmTryCompileExec2405716351.dir/src.c.o
/usr/bin/cc   -DC_HAS_WARNING-Wall   -Wall -o CMakeFiles/cmTryCompileExec2405716351.dir/src.c.o   -c /mnt/projects/CSE_BME_AXM788/home/soumya/DEV/ANTs/build/CMakeFiles/CMakeTmp/src.c
<command-line>: warning: missing whitespace after the macro name
Linking C executable cmTryCompileExec2405716351
/usr/local/cmake/2.8.10.2/bin/cmake -E cmake_link_script CMakeFiles/cmTryCompileExec2405716351.dir/link.txt --verbose=1
/usr/bin/cc     -DC_HAS_WARNING-Wall    CMakeFiles/cmTryCompileExec2405716351.dir/src.c.o  -o cmTryCompileExec2405716351 -rdynamic 
gmake[1]: Leaving directory `/mnt/projects/CSE_BME_AXM788/home/soumya/DEV/ANTs/build/CMakeFiles/CMakeTmp'

Source file was:
int main(void) { return 0; }
Performing C SOURCE FILE Test C_HAS_WARNING-Wcast-align succeded with the following output:
Change Dir: /mnt/projects/CSE_BME_AXM788/home/soumya/DEV/ANTs/build/CMakeFiles/CMakeTmp

Run Build Command:/usr/bin/gmake "cmTryCompileExec683812835/fast"
/usr/bin/gmake -f CMakeFiles/cmTryCompileExec683812835.dir/build.make CMakeFiles/cmTryCompileExec683812835.dir/build
gmake[1]: Entering directory `/mnt/projects/CSE_BME_AXM788/home/soumya/DEV/ANTs/build/CMakeFiles/CMakeTmp'
/usr/local/cmake/2.8.10.2/bin/cmake -E cmake_progress_report /mnt/projects/CSE_BME_AXM788/home/soumya/DEV/ANTs/build/CMakeFiles/CMakeTmp/CMakeFiles 1
Building C object CMakeFiles/cmTryCompileExec683812835.dir/src.c.o
/usr/bin/cc   -DC_HAS_WARNING-Wcast-align   -Wcast-align -o CMakeFiles/cmTryCompileExec683812835.dir/src.c.o   -c /mnt/projects/CSE_BME_AXM788/home/soumya/DEV/ANTs/build/CMakeFiles/CMakeTmp/src.c
<command-line>: warning: missing whitespace after the macro name
Linking C executable cmTryCompileExec683812835
/usr/local/cmake/2.8.10.2/bin/cmake -E cmake_link_script CMakeFiles/cmTryCompileExec683812835.dir/link.txt --verbose=1
/usr/bin/cc     -DC_HAS_WARNING-Wcast-align    CMakeFiles/cmTryCompileExec683812835.dir/src.c.o  -o cmTryCompileExec683812835 -rdynamic 
gmake[1]: Leaving directory `/mnt/projects/CSE_BME_AXM788/home/soumya/DEV/ANTs/build/CMakeFiles/CMakeTmp'

Source file was:
int main(void) { return 0; }
Performing C SOURCE FILE Test C_HAS_WARNING-Wdisabled-optimization succeded with the following output:
Change Dir: /mnt/projects/CSE_BME_AXM788/home/soumya/DEV/ANTs/build/CMakeFiles/CMakeTmp

Run Build Command:/usr/bin/gmake "cmTryCompileExec1906588629/fast"
/usr/bin/gmake -f CMakeFiles/cmTryCompileExec1906588629.dir/build.make CMakeFiles/cmTryCompileExec1906588629.dir/build
gmake[1]: Entering directory `/mnt/projects/CSE_BME_AXM788/home/soumya/DEV/ANTs/build/CMakeFiles/CMakeTmp'
/usr/local/cmake/2.8.10.2/bin/cmake -E cmake_progress_report /mnt/projects/CSE_BME_AXM788/home/soumya/DEV/ANTs/build/CMakeFiles/CMakeTmp/CMakeFiles 1
Building C object CMakeFiles/cmTryCompileExec1906588629.dir/src.c.o
/usr/bin/cc   -DC_HAS_WARNING-Wdisabled-optimization   -Wdisabled-optimization -o CMakeFiles/cmTryCompileExec1906588629.dir/src.c.o   -c /mnt/projects/CSE_BME_AXM788/home/soumya/DEV/ANTs/build/CMakeFiles/CMakeTmp/src.c
<command-line>: warning: missing whitespace after the macro name
Linking C executable cmTryCompileExec1906588629
/usr/local/cmake/2.8.10.2/bin/cmake -E cmake_link_script CMakeFiles/cmTryCompileExec1906588629.dir/link.txt --verbose=1
/usr/bin/cc     -DC_HAS_WARNING-Wdisabled-optimization    CMakeFiles/cmTryCompileExec1906588629.dir/src.c.o  -o cmTryCompileExec1906588629 -rdynamic 
gmake[1]: Leaving directory `/mnt/projects/CSE_BME_AXM788/home/soumya/DEV/ANTs/build/CMakeFiles/CMakeTmp'

Source file was:
int main(void) { return 0; }
Performing C SOURCE FILE Test C_HAS_WARNING-Wextra succeded with the following output:
Change Dir: /mnt/projects/CSE_BME_AXM788/home/soumya/DEV/ANTs/build/CMakeFiles/CMakeTmp

Run Build Command:/usr/bin/gmake "cmTryCompileExec3296359457/fast"
/usr/bin/gmake -f CMakeFiles/cmTryCompileExec3296359457.dir/build.make CMakeFiles/cmTryCompileExec3296359457.dir/build
gmake[1]: Entering directory `/mnt/projects/CSE_BME_AXM788/home/soumya/DEV/ANTs/build/CMakeFiles/CMakeTmp'
/usr/local/cmake/2.8.10.2/bin/cmake -E cmake_progress_report /mnt/projects/CSE_BME_AXM788/home/soumya/DEV/ANTs/build/CMakeFiles/CMakeTmp/CMakeFiles 1
Building C object CMakeFiles/cmTryCompileExec3296359457.dir/src.c.o
/usr/bin/cc   -DC_HAS_WARNING-Wextra   -Wextra -o CMakeFiles/cmTryCompileExec3296359457.dir/src.c.o   -c /mnt/projects/CSE_BME_AXM788/home/soumya/DEV/ANTs/build/CMakeFiles/CMakeTmp/src.c
<command-line>: warning: missing whitespace after the macro name
Linking C executable cmTryCompileExec3296359457
/usr/local/cmake/2.8.10.2/bin/cmake -E cmake_link_script CMakeFiles/cmTryCompileExec3296359457.dir/link.txt --verbose=1
/usr/bin/cc     -DC_HAS_WARNING-Wextra    CMakeFiles/cmTryCompileExec3296359457.dir/src.c.o  -o cmTryCompileExec3296359457 -rdynamic 
gmake[1]: Leaving directory `/mnt/projects/CSE_BME_AXM788/home/soumya/DEV/ANTs/build/CMakeFiles/CMakeTmp'

Source file was:
int main(void) { return 0; }
Performing C SOURCE FILE Test C_HAS_WARNING-Wformat=2 succeded with the following output:
Change Dir: /mnt/projects/CSE_BME_AXM788/home/soumya/DEV/ANTs/build/CMakeFiles/CMakeTmp

Run Build Command:/usr/bin/gmake "cmTryCompileExec1664722393/fast"
/usr/bin/gmake -f CMakeFiles/cmTryCompileExec1664722393.dir/build.make CMakeFiles/cmTryCompileExec1664722393.dir/build
gmake[1]: Entering directory `/mnt/projects/CSE_BME_AXM788/home/soumya/DEV/ANTs/build/CMakeFiles/CMakeTmp'
/usr/local/cmake/2.8.10.2/bin/cmake -E cmake_progress_report /mnt/projects/CSE_BME_AXM788/home/soumya/DEV/ANTs/build/CMakeFiles/CMakeTmp/CMakeFiles 1
Building C object CMakeFiles/cmTryCompileExec1664722393.dir/src.c.o
/usr/bin/cc   -DC_HAS_WARNING-Wformat=2   -Wformat=2 -o CMakeFiles/cmTryCompileExec1664722393.dir/src.c.o   -c /mnt/projects/CSE_BME_AXM788/home/soumya/DEV/ANTs/build/CMakeFiles/CMakeTmp/src.c
<command-line>: warning: missing whitespace after the macro name
Linking C executable cmTryCompileExec1664722393
/usr/local/cmake/2.8.10.2/bin/cmake -E cmake_link_script CMakeFiles/cmTryCompileExec1664722393.dir/link.txt --verbose=1
/usr/bin/cc     -DC_HAS_WARNING-Wformat=2    CMakeFiles/cmTryCompileExec1664722393.dir/src.c.o  -o cmTryCompileExec1664722393 -rdynamic 
gmake[1]: Leaving directory `/mnt/projects/CSE_BME_AXM788/home/soumya/DEV/ANTs/build/CMakeFiles/CMakeTmp'

Source file was:
int main(void) { return 0; }
Performing C SOURCE FILE Test C_HAS_WARNING-Winvalid-pch succeded with the following output:
Change Dir: /mnt/projects/CSE_BME_AXM788/home/soumya/DEV/ANTs/build/CMakeFiles/CMakeTmp

Run Build Command:/usr/bin/gmake "cmTryCompileExec3525124871/fast"
/usr/bin/gmake -f CMakeFiles/cmTryCompileExec3525124871.dir/build.make CMakeFiles/cmTryCompileExec3525124871.dir/build
gmake[1]: Entering directory `/mnt/projects/CSE_BME_AXM788/home/soumya/DEV/ANTs/build/CMakeFiles/CMakeTmp'
/usr/local/cmake/2.8.10.2/bin/cmake -E cmake_progress_report /mnt/projects/CSE_BME_AXM788/home/soumya/DEV/ANTs/build/CMakeFiles/CMakeTmp/CMakeFiles 1
Building C object CMakeFiles/cmTryCompileExec3525124871.dir/src.c.o
/usr/bin/cc   -DC_HAS_WARNING-Winvalid-pch   -Winvalid-pch -o CMakeFiles/cmTryCompileExec3525124871.dir/src.c.o   -c /mnt/projects/CSE_BME_AXM788/home/soumya/DEV/ANTs/build/CMakeFiles/CMakeTmp/src.c
<command-line>: warning: missing whitespace after the macro name
Linking C executable cmTryCompileExec3525124871
/usr/local/cmake/2.8.10.2/bin/cmake -E cmake_link_script CMakeFiles/cmTryCompileExec3525124871.dir/link.txt --verbose=1
/usr/bin/cc     -DC_HAS_WARNING-Winvalid-pch    CMakeFiles/cmTryCompileExec3525124871.dir/src.c.o  -o cmTryCompileExec3525124871 -rdynamic 
gmake[1]: Leaving directory `/mnt/projects/CSE_BME_AXM788/home/soumya/DEV/ANTs/build/CMakeFiles/CMakeTmp'

Source file was:
int main(void) { return 0; }
Performing C SOURCE FILE Test C_HAS_WARNING-Wno-format-nonliteral succeded with the following output:
Change Dir: /mnt/projects/CSE_BME_AXM788/home/soumya/DEV/ANTs/build/CMakeFiles/CMakeTmp

Run Build Command:/usr/bin/gmake "cmTryCompileExec360125298/fast"
/usr/bin/gmake -f CMakeFiles/cmTryCompileExec360125298.dir/build.make CMakeFiles/cmTryCompileExec360125298.dir/build
gmake[1]: Entering directory `/mnt/projects/CSE_BME_AXM788/home/soumya/DEV/ANTs/build/CMakeFiles/CMakeTmp'
/usr/local/cmake/2.8.10.2/bin/cmake -E cmake_progress_report /mnt/projects/CSE_BME_AXM788/home/soumya/DEV/ANTs/build/CMakeFiles/CMakeTmp/CMakeFiles 1
Building C object CMakeFiles/cmTryCompileExec360125298.dir/src.c.o
/usr/bin/cc   -DC_HAS_WARNING-Wno-format-nonliteral   -Wno-format-nonliteral -o CMakeFiles/cmTryCompileExec360125298.dir/src.c.o   -c /mnt/projects/CSE_BME_AXM788/home/soumya/DEV/ANTs/build/CMakeFiles/CMakeTmp/src.c
<command-line>: warning: missing whitespace after the macro name
Linking C executable cmTryCompileExec360125298
/usr/local/cmake/2.8.10.2/bin/cmake -E cmake_link_script CMakeFiles/cmTryCompileExec360125298.dir/link.txt --verbose=1
/usr/bin/cc     -DC_HAS_WARNING-Wno-format-nonliteral    CMakeFiles/cmTryCompileExec360125298.dir/src.c.o  -o cmTryCompileExec360125298 -rdynamic 
gmake[1]: Leaving directory `/mnt/projects/CSE_BME_AXM788/home/soumya/DEV/ANTs/build/CMakeFiles/CMakeTmp'

Source file was:
int main(void) { return 0; }
Performing C SOURCE FILE Test C_HAS_WARNING-Wpointer-arith succeded with the following output:
Change Dir: /mnt/projects/CSE_BME_AXM788/home/soumya/DEV/ANTs/build/CMakeFiles/CMakeTmp

Run Build Command:/usr/bin/gmake "cmTryCompileExec2972842531/fast"
/usr/bin/gmake -f CMakeFiles/cmTryCompileExec2972842531.dir/build.make CMakeFiles/cmTryCompileExec2972842531.dir/build
gmake[1]: Entering directory `/mnt/projects/CSE_BME_AXM788/home/soumya/DEV/ANTs/build/CMakeFiles/CMakeTmp'
/usr/local/cmake/2.8.10.2/bin/cmake -E cmake_progress_report /mnt/projects/CSE_BME_AXM788/home/soumya/DEV/ANTs/build/CMakeFiles/CMakeTmp/CMakeFiles 1
Building C object CMakeFiles/cmTryCompileExec2972842531.dir/src.c.o
/usr/bin/cc   -DC_HAS_WARNING-Wpointer-arith   -Wpointer-arith -o CMakeFiles/cmTryCompileExec2972842531.dir/src.c.o   -c /mnt/projects/CSE_BME_AXM788/home/soumya/DEV/ANTs/build/CMakeFiles/CMakeTmp/src.c
<command-line>: warning: missing whitespace after the macro name
Linking C executable cmTryCompileExec2972842531
/usr/local/cmake/2.8.10.2/bin/cmake -E cmake_link_script CMakeFiles/cmTryCompileExec2972842531.dir/link.txt --verbose=1
/usr/bin/cc     -DC_HAS_WARNING-Wpointer-arith    CMakeFiles/cmTryCompileExec2972842531.dir/src.c.o  -o cmTryCompileExec2972842531 -rdynamic 
gmake[1]: Leaving directory `/mnt/projects/CSE_BME_AXM788/home/soumya/DEV/ANTs/build/CMakeFiles/CMakeTmp'

Source file was:
int main(void) { return 0; }
Performing C SOURCE FILE Test C_HAS_WARNING-Wshadow succeded with the following output:
Change Dir: /mnt/projects/CSE_BME_AXM788/home/soumya/DEV/ANTs/build/CMakeFiles/CMakeTmp

Run Build Command:/usr/bin/gmake "cmTryCompileExec3341879171/fast"
/usr/bin/gmake -f CMakeFiles/cmTryCompileExec3341879171.dir/build.make CMakeFiles/cmTryCompileExec3341879171.dir/build
gmake[1]: Entering directory `/mnt/projects/CSE_BME_AXM788/home/soumya/DEV/ANTs/build/CMakeFiles/CMakeTmp'
/usr/local/cmake/2.8.10.2/bin/cmake -E cmake_progress_report /mnt/projects/CSE_BME_AXM788/home/soumya/DEV/ANTs/build/CMakeFiles/CMakeTmp/CMakeFiles 1
Building C object CMakeFiles/cmTryCompileExec3341879171.dir/src.c.o
/usr/bin/cc   -DC_HAS_WARNING-Wshadow   -Wshadow -o CMakeFiles/cmTryCompileExec3341879171.dir/src.c.o   -c /mnt/projects/CSE_BME_AXM788/home/soumya/DEV/ANTs/build/CMakeFiles/CMakeTmp/src.c
<command-line>: warning: missing whitespace after the macro name
Linking C executable cmTryCompileExec3341879171
/usr/local/cmake/2.8.10.2/bin/cmake -E cmake_link_script CMakeFiles/cmTryCompileExec3341879171.dir/link.txt --verbose=1
/usr/bin/cc     -DC_HAS_WARNING-Wshadow    CMakeFiles/cmTryCompileExec3341879171.dir/src.c.o  -o cmTryCompileExec3341879171 -rdynamic 
gmake[1]: Leaving directory `/mnt/projects/CSE_BME_AXM788/home/soumya/DEV/ANTs/build/CMakeFiles/CMakeTmp'

Source file was:
int main(void) { return 0; }
Performing C SOURCE FILE Test C_HAS_WARNING-Wunused succeded with the following output:
Change Dir: /mnt/projects/CSE_BME_AXM788/home/soumya/DEV/ANTs/build/CMakeFiles/CMakeTmp

Run Build Command:/usr/bin/gmake "cmTryCompileExec585463903/fast"
/usr/bin/gmake -f CMakeFiles/cmTryCompileExec585463903.dir/build.make CMakeFiles/cmTryCompileExec585463903.dir/build
gmake[1]: Entering directory `/mnt/projects/CSE_BME_AXM788/home/soumya/DEV/ANTs/build/CMakeFiles/CMakeTmp'
/usr/local/cmake/2.8.10.2/bin/cmake -E cmake_progress_report /mnt/projects/CSE_BME_AXM788/home/soumya/DEV/ANTs/build/CMakeFiles/CMakeTmp/CMakeFiles 1
Building C object CMakeFiles/cmTryCompileExec585463903.dir/src.c.o
/usr/bin/cc   -DC_HAS_WARNING-Wunused   -Wunused -o CMakeFiles/cmTryCompileExec585463903.dir/src.c.o   -c /mnt/projects/CSE_BME_AXM788/home/soumya/DEV/ANTs/build/CMakeFiles/CMakeTmp/src.c
<command-line>: warning: missing whitespace after the macro name
Linking C executable cmTryCompileExec585463903
/usr/local/cmake/2.8.10.2/bin/cmake -E cmake_link_script CMakeFiles/cmTryCompileExec585463903.dir/link.txt --verbose=1
/usr/bin/cc     -DC_HAS_WARNING-Wunused    CMakeFiles/cmTryCompileExec585463903.dir/src.c.o  -o cmTryCompileExec585463903 -rdynamic 
gmake[1]: Leaving directory `/mnt/projects/CSE_BME_AXM788/home/soumya/DEV/ANTs/build/CMakeFiles/CMakeTmp'

Source file was:
int main(void) { return 0; }
Performing C SOURCE FILE Test C_HAS_WARNING-Wwrite-strings succeded with the following output:
Change Dir: /mnt/projects/CSE_BME_AXM788/home/soumya/DEV/ANTs/build/CMakeFiles/CMakeTmp

Run Build Command:/usr/bin/gmake "cmTryCompileExec3927202742/fast"
/usr/bin/gmake -f CMakeFiles/cmTryCompileExec3927202742.dir/build.make CMakeFiles/cmTryCompileExec3927202742.dir/build
gmake[1]: Entering directory `/mnt/projects/CSE_BME_AXM788/home/soumya/DEV/ANTs/build/CMakeFiles/CMakeTmp'
/usr/local/cmake/2.8.10.2/bin/cmake -E cmake_progress_report /mnt/projects/CSE_BME_AXM788/home/soumya/DEV/ANTs/build/CMakeFiles/CMakeTmp/CMakeFiles 1
Building C object CMakeFiles/cmTryCompileExec3927202742.dir/src.c.o
/usr/bin/cc   -DC_HAS_WARNING-Wwrite-strings   -Wwrite-strings -o CMakeFiles/cmTryCompileExec3927202742.dir/src.c.o   -c /mnt/projects/CSE_BME_AXM788/home/soumya/DEV/ANTs/build/CMakeFiles/CMakeTmp/src.c
<command-line>: warning: missing whitespace after the macro name
Linking C executable cmTryCompileExec3927202742
/usr/local/cmake/2.8.10.2/bin/cmake -E cmake_link_script CMakeFiles/cmTryCompileExec3927202742.dir/link.txt --verbose=1
/usr/bin/cc     -DC_HAS_WARNING-Wwrite-strings    CMakeFiles/cmTryCompileExec3927202742.dir/src.c.o  -o cmTryCompileExec3927202742 -rdynamic 
gmake[1]: Leaving directory `/mnt/projects/CSE_BME_AXM788/home/soumya/DEV/ANTs/build/CMakeFiles/CMakeTmp'

Source file was:
int main(void) { return 0; }
Performing C SOURCE FILE Test C_HAS_WARNING-funit-at-a-time succeded with the following output:
Change Dir: /mnt/projects/CSE_BME_AXM788/home/soumya/DEV/ANTs/build/CMakeFiles/CMakeTmp

Run Build Command:/usr/bin/gmake "cmTryCompileExec253058053/fast"
/usr/bin/gmake -f CMakeFiles/cmTryCompileExec253058053.dir/build.make CMakeFiles/cmTryCompileExec253058053.dir/build
gmake[1]: Entering directory `/mnt/projects/CSE_BME_AXM788/home/soumya/DEV/ANTs/build/CMakeFiles/CMakeTmp'
/usr/local/cmake/2.8.10.2/bin/cmake -E cmake_progress_report /mnt/projects/CSE_BME_AXM788/home/soumya/DEV/ANTs/build/CMakeFiles/CMakeTmp/CMakeFiles 1
Building C object CMakeFiles/cmTryCompileExec253058053.dir/src.c.o
/usr/bin/cc   -DC_HAS_WARNING-funit-at-a-time   -funit-at-a-time -o CMakeFiles/cmTryCompileExec253058053.dir/src.c.o   -c /mnt/projects/CSE_BME_AXM788/home/soumya/DEV/ANTs/build/CMakeFiles/CMakeTmp/src.c
<command-line>: warning: missing whitespace after the macro name
Linking C executable cmTryCompileExec253058053
/usr/local/cmake/2.8.10.2/bin/cmake -E cmake_link_script CMakeFiles/cmTryCompileExec253058053.dir/link.txt --verbose=1
/usr/bin/cc     -DC_HAS_WARNING-funit-at-a-time    CMakeFiles/cmTryCompileExec253058053.dir/src.c.o  -o cmTryCompileExec253058053 -rdynamic 
gmake[1]: Leaving directory `/mnt/projects/CSE_BME_AXM788/home/soumya/DEV/ANTs/build/CMakeFiles/CMakeTmp'

Source file was:
int main(void) { return 0; }
Performing C SOURCE FILE Test C_HAS_WARNING-Wno-strict-overflow succeded with the following output:
Change Dir: /mnt/projects/CSE_BME_AXM788/home/soumya/DEV/ANTs/build/CMakeFiles/CMakeTmp

Run Build Command:/usr/bin/gmake "cmTryCompileExec1150567137/fast"
/usr/bin/gmake -f CMakeFiles/cmTryCompileExec1150567137.dir/build.make CMakeFiles/cmTryCompileExec1150567137.dir/build
gmake[1]: Entering directory `/mnt/projects/CSE_BME_AXM788/home/soumya/DEV/ANTs/build/CMakeFiles/CMakeTmp'
/usr/local/cmake/2.8.10.2/bin/cmake -E cmake_progress_report /mnt/projects/CSE_BME_AXM788/home/soumya/DEV/ANTs/build/CMakeFiles/CMakeTmp/CMakeFiles 1
Building C object CMakeFiles/cmTryCompileExec1150567137.dir/src.c.o
/usr/bin/cc   -DC_HAS_WARNING-Wno-strict-overflow   -Wno-strict-overflow -o CMakeFiles/cmTryCompileExec1150567137.dir/src.c.o   -c /mnt/projects/CSE_BME_AXM788/home/soumya/DEV/ANTs/build/CMakeFiles/CMakeTmp/src.c
<command-line>: warning: missing whitespace after the macro name
Linking C executable cmTryCompileExec1150567137
/usr/local/cmake/2.8.10.2/bin/cmake -E cmake_link_script CMakeFiles/cmTryCompileExec1150567137.dir/link.txt --verbose=1
/usr/bin/cc     -DC_HAS_WARNING-Wno-strict-overflow    CMakeFiles/cmTryCompileExec1150567137.dir/src.c.o  -o cmTryCompileExec1150567137 -rdynamic 
gmake[1]: Leaving directory `/mnt/projects/CSE_BME_AXM788/home/soumya/DEV/ANTs/build/CMakeFiles/CMakeTmp'

Source file was:
int main(void) { return 0; }
Performing C++ SOURCE FILE Test CXX_HAS_WARNING-Wall succeded with the following output:
Change Dir: /mnt/projects/CSE_BME_AXM788/home/soumya/DEV/ANTs/build/CMakeFiles/CMakeTmp

Run Build Command:/usr/bin/gmake "cmTryCompileExec47656710/fast"
/usr/bin/gmake -f CMakeFiles/cmTryCompileExec47656710.dir/build.make CMakeFiles/cmTryCompileExec47656710.dir/build
gmake[1]: Entering directory `/mnt/projects/CSE_BME_AXM788/home/soumya/DEV/ANTs/build/CMakeFiles/CMakeTmp'
/usr/local/cmake/2.8.10.2/bin/cmake -E cmake_progress_report /mnt/projects/CSE_BME_AXM788/home/soumya/DEV/ANTs/build/CMakeFiles/CMakeTmp/CMakeFiles 1
Building CXX object CMakeFiles/cmTryCompileExec47656710.dir/src.cxx.o
/usr/bin/c++    -DCXX_HAS_WARNING-Wall   -Wall -o CMakeFiles/cmTryCompileExec47656710.dir/src.cxx.o -c /mnt/projects/CSE_BME_AXM788/home/soumya/DEV/ANTs/build/CMakeFiles/CMakeTmp/src.cxx
<command-line>: warning: missing whitespace after the macro name
Linking CXX executable cmTryCompileExec47656710
/usr/local/cmake/2.8.10.2/bin/cmake -E cmake_link_script CMakeFiles/cmTryCompileExec47656710.dir/link.txt --verbose=1
/usr/bin/c++      -DCXX_HAS_WARNING-Wall    CMakeFiles/cmTryCompileExec47656710.dir/src.cxx.o  -o cmTryCompileExec47656710 -rdynamic 
gmake[1]: Leaving directory `/mnt/projects/CSE_BME_AXM788/home/soumya/DEV/ANTs/build/CMakeFiles/CMakeTmp'

Source file was:
int main() { return 0;}
Performing C++ SOURCE FILE Test CXX_HAS_WARNING-Wcast-align succeded with the following output:
Change Dir: /mnt/projects/CSE_BME_AXM788/home/soumya/DEV/ANTs/build/CMakeFiles/CMakeTmp

Run Build Command:/usr/bin/gmake "cmTryCompileExec345454636/fast"
/usr/bin/gmake -f CMakeFiles/cmTryCompileExec345454636.dir/build.make CMakeFiles/cmTryCompileExec345454636.dir/build
gmake[1]: Entering directory `/mnt/projects/CSE_BME_AXM788/home/soumya/DEV/ANTs/build/CMakeFiles/CMakeTmp'
/usr/local/cmake/2.8.10.2/bin/cmake -E cmake_progress_report /mnt/projects/CSE_BME_AXM788/home/soumya/DEV/ANTs/build/CMakeFiles/CMakeTmp/CMakeFiles 1
Building CXX object CMakeFiles/cmTryCompileExec345454636.dir/src.cxx.o
/usr/bin/c++    -DCXX_HAS_WARNING-Wcast-align   -Wcast-align -o CMakeFiles/cmTryCompileExec345454636.dir/src.cxx.o -c /mnt/projects/CSE_BME_AXM788/home/soumya/DEV/ANTs/build/CMakeFiles/CMakeTmp/src.cxx
<command-line>: warning: missing whitespace after the macro name
Linking CXX executable cmTryCompileExec345454636
/usr/local/cmake/2.8.10.2/bin/cmake -E cmake_link_script CMakeFiles/cmTryCompileExec345454636.dir/link.txt --verbose=1
/usr/bin/c++      -DCXX_HAS_WARNING-Wcast-align    CMakeFiles/cmTryCompileExec345454636.dir/src.cxx.o  -o cmTryCompileExec345454636 -rdynamic 
gmake[1]: Leaving directory `/mnt/projects/CSE_BME_AXM788/home/soumya/DEV/ANTs/build/CMakeFiles/CMakeTmp'

Source file was:
int main() { return 0;}
Performing C++ SOURCE FILE Test CXX_HAS_WARNING-Wdisabled-optimization succeded with the following output:
Change Dir: /mnt/projects/CSE_BME_AXM788/home/soumya/DEV/ANTs/build/CMakeFiles/CMakeTmp

Run Build Command:/usr/bin/gmake "cmTryCompileExec2477948208/fast"
/usr/bin/gmake -f CMakeFiles/cmTryCompileExec2477948208.dir/build.make CMakeFiles/cmTryCompileExec2477948208.dir/build
gmake[1]: Entering directory `/mnt/projects/CSE_BME_AXM788/home/soumya/DEV/ANTs/build/CMakeFiles/CMakeTmp'
/usr/local/cmake/2.8.10.2/bin/cmake -E cmake_progress_report /mnt/projects/CSE_BME_AXM788/home/soumya/DEV/ANTs/build/CMakeFiles/CMakeTmp/CMakeFiles 1
Building CXX object CMakeFiles/cmTryCompileExec2477948208.dir/src.cxx.o
/usr/bin/c++    -DCXX_HAS_WARNING-Wdisabled-optimization   -Wdisabled-optimization -o CMakeFiles/cmTryCompileExec2477948208.dir/src.cxx.o -c /mnt/projects/CSE_BME_AXM788/home/soumya/DEV/ANTs/build/CMakeFiles/CMakeTmp/src.cxx
<command-line>: warning: missing whitespace after the macro name
Linking CXX executable cmTryCompileExec2477948208
/usr/local/cmake/2.8.10.2/bin/cmake -E cmake_link_script CMakeFiles/cmTryCompileExec2477948208.dir/link.txt --verbose=1
/usr/bin/c++      -DCXX_HAS_WARNING-Wdisabled-optimization    CMakeFiles/cmTryCompileExec2477948208.dir/src.cxx.o  -o cmTryCompileExec2477948208 -rdynamic 
gmake[1]: Leaving directory `/mnt/projects/CSE_BME_AXM788/home/soumya/DEV/ANTs/build/CMakeFiles/CMakeTmp'

Source file was:
int main() { return 0;}
Performing C++ SOURCE FILE Test CXX_HAS_WARNING-Wextra succeded with the following output:
Change Dir: /mnt/projects/CSE_BME_AXM788/home/soumya/DEV/ANTs/build/CMakeFiles/CMakeTmp

Run Build Command:/usr/bin/gmake "cmTryCompileExec1820756544/fast"
/usr/bin/gmake -f CMakeFiles/cmTryCompileExec1820756544.dir/build.make CMakeFiles/cmTryCompileExec1820756544.dir/build
gmake[1]: Entering directory `/mnt/projects/CSE_BME_AXM788/home/soumya/DEV/ANTs/build/CMakeFiles/CMakeTmp'
/usr/local/cmake/2.8.10.2/bin/cmake -E cmake_progress_report /mnt/projects/CSE_BME_AXM788/home/soumya/DEV/ANTs/build/CMakeFiles/CMakeTmp/CMakeFiles 1
Building CXX object CMakeFiles/cmTryCompileExec1820756544.dir/src.cxx.o
/usr/bin/c++    -DCXX_HAS_WARNING-Wextra   -Wextra -o CMakeFiles/cmTryCompileExec1820756544.dir/src.cxx.o -c /mnt/projects/CSE_BME_AXM788/home/soumya/DEV/ANTs/build/CMakeFiles/CMakeTmp/src.cxx
<command-line>: warning: missing whitespace after the macro name
Linking CXX executable cmTryCompileExec1820756544
/usr/local/cmake/2.8.10.2/bin/cmake -E cmake_link_script CMakeFiles/cmTryCompileExec1820756544.dir/link.txt --verbose=1
/usr/bin/c++      -DCXX_HAS_WARNING-Wextra    CMakeFiles/cmTryCompileExec1820756544.dir/src.cxx.o  -o cmTryCompileExec1820756544 -rdynamic 
gmake[1]: Leaving directory `/mnt/projects/CSE_BME_AXM788/home/soumya/DEV/ANTs/build/CMakeFiles/CMakeTmp'

Source file was:
int main() { return 0;}
Performing C++ SOURCE FILE Test CXX_HAS_WARNING-Wformat=2 succeded with the following output:
Change Dir: /mnt/projects/CSE_BME_AXM788/home/soumya/DEV/ANTs/build/CMakeFiles/CMakeTmp

Run Build Command:/usr/bin/gmake "cmTryCompileExec1906193969/fast"
/usr/bin/gmake -f CMakeFiles/cmTryCompileExec1906193969.dir/build.make CMakeFiles/cmTryCompileExec1906193969.dir/build
gmake[1]: Entering directory `/mnt/projects/CSE_BME_AXM788/home/soumya/DEV/ANTs/build/CMakeFiles/CMakeTmp'
/usr/local/cmake/2.8.10.2/bin/cmake -E cmake_progress_report /mnt/projects/CSE_BME_AXM788/home/soumya/DEV/ANTs/build/CMakeFiles/CMakeTmp/CMakeFiles 1
Building CXX object CMakeFiles/cmTryCompileExec1906193969.dir/src.cxx.o
/usr/bin/c++    -DCXX_HAS_WARNING-Wformat=2   -Wformat=2 -o CMakeFiles/cmTryCompileExec1906193969.dir/src.cxx.o -c /mnt/projects/CSE_BME_AXM788/home/soumya/DEV/ANTs/build/CMakeFiles/CMakeTmp/src.cxx
<command-line>: warning: missing whitespace after the macro name
Linking CXX executable cmTryCompileExec1906193969
/usr/local/cmake/2.8.10.2/bin/cmake -E cmake_link_script CMakeFiles/cmTryCompileExec1906193969.dir/link.txt --verbose=1
/usr/bin/c++      -DCXX_HAS_WARNING-Wformat=2    CMakeFiles/cmTryCompileExec1906193969.dir/src.cxx.o  -o cmTryCompileExec1906193969 -rdynamic 
gmake[1]: Leaving directory `/mnt/projects/CSE_BME_AXM788/home/soumya/DEV/ANTs/build/CMakeFiles/CMakeTmp'

Source file was:
int main() { return 0;}
Performing C++ SOURCE FILE Test CXX_HAS_WARNING-Winvalid-pch succeded with the following output:
Change Dir: /mnt/projects/CSE_BME_AXM788/home/soumya/DEV/ANTs/build/CMakeFiles/CMakeTmp

Run Build Command:/usr/bin/gmake "cmTryCompileExec2181334329/fast"
/usr/bin/gmake -f CMakeFiles/cmTryCompileExec2181334329.dir/build.make CMakeFiles/cmTryCompileExec2181334329.dir/build
gmake[1]: Entering directory `/mnt/projects/CSE_BME_AXM788/home/soumya/DEV/ANTs/build/CMakeFiles/CMakeTmp'
/usr/local/cmake/2.8.10.2/bin/cmake -E cmake_progress_report /mnt/projects/CSE_BME_AXM788/home/soumya/DEV/ANTs/build/CMakeFiles/CMakeTmp/CMakeFiles 1
Building CXX object CMakeFiles/cmTryCompileExec2181334329.dir/src.cxx.o
/usr/bin/c++    -DCXX_HAS_WARNING-Winvalid-pch   -Winvalid-pch -o CMakeFiles/cmTryCompileExec2181334329.dir/src.cxx.o -c /mnt/projects/CSE_BME_AXM788/home/soumya/DEV/ANTs/build/CMakeFiles/CMakeTmp/src.cxx
<command-line>: warning: missing whitespace after the macro name
Linking CXX executable cmTryCompileExec2181334329
/usr/local/cmake/2.8.10.2/bin/cmake -E cmake_link_script CMakeFiles/cmTryCompileExec2181334329.dir/link.txt --verbose=1
/usr/bin/c++      -DCXX_HAS_WARNING-Winvalid-pch    CMakeFiles/cmTryCompileExec2181334329.dir/src.cxx.o  -o cmTryCompileExec2181334329 -rdynamic 
gmake[1]: Leaving directory `/mnt/projects/CSE_BME_AXM788/home/soumya/DEV/ANTs/build/CMakeFiles/CMakeTmp'

Source file was:
int main() { return 0;}
Performing C++ SOURCE FILE Test CXX_HAS_WARNING-Wno-format-nonliteral succeded with the following output:
Change Dir: /mnt/projects/CSE_BME_AXM788/home/soumya/DEV/ANTs/build/CMakeFiles/CMakeTmp

Run Build Command:/usr/bin/gmake "cmTryCompileExec912686104/fast"
/usr/bin/gmake -f CMakeFiles/cmTryCompileExec912686104.dir/build.make CMakeFiles/cmTryCompileExec912686104.dir/build
gmake[1]: Entering directory `/mnt/projects/CSE_BME_AXM788/home/soumya/DEV/ANTs/build/CMakeFiles/CMakeTmp'
/usr/local/cmake/2.8.10.2/bin/cmake -E cmake_progress_report /mnt/projects/CSE_BME_AXM788/home/soumya/DEV/ANTs/build/CMakeFiles/CMakeTmp/CMakeFiles 1
Building CXX object CMakeFiles/cmTryCompileExec912686104.dir/src.cxx.o
/usr/bin/c++    -DCXX_HAS_WARNING-Wno-format-nonliteral   -Wno-format-nonliteral -o CMakeFiles/cmTryCompileExec912686104.dir/src.cxx.o -c /mnt/projects/CSE_BME_AXM788/home/soumya/DEV/ANTs/build/CMakeFiles/CMakeTmp/src.cxx
<command-line>: warning: missing whitespace after the macro name
Linking CXX executable cmTryCompileExec912686104
/usr/local/cmake/2.8.10.2/bin/cmake -E cmake_link_script CMakeFiles/cmTryCompileExec912686104.dir/link.txt --verbose=1
/usr/bin/c++      -DCXX_HAS_WARNING-Wno-format-nonliteral    CMakeFiles/cmTryCompileExec912686104.dir/src.cxx.o  -o cmTryCompileExec912686104 -rdynamic 
gmake[1]: Leaving directory `/mnt/projects/CSE_BME_AXM788/home/soumya/DEV/ANTs/build/CMakeFiles/CMakeTmp'

Source file was:
int main() { return 0;}
Performing C++ SOURCE FILE Test CXX_HAS_WARNING-Wpointer-arith succeded with the following output:
Change Dir: /mnt/projects/CSE_BME_AXM788/home/soumya/DEV/ANTs/build/CMakeFiles/CMakeTmp

Run Build Command:/usr/bin/gmake "cmTryCompileExec907124693/fast"
/usr/bin/gmake -f CMakeFiles/cmTryCompileExec907124693.dir/build.make CMakeFiles/cmTryCompileExec907124693.dir/build
gmake[1]: Entering directory `/mnt/projects/CSE_BME_AXM788/home/soumya/DEV/ANTs/build/CMakeFiles/CMakeTmp'
/usr/local/cmake/2.8.10.2/bin/cmake -E cmake_progress_report /mnt/projects/CSE_BME_AXM788/home/soumya/DEV/ANTs/build/CMakeFiles/CMakeTmp/CMakeFiles 1
Building CXX object CMakeFiles/cmTryCompileExec907124693.dir/src.cxx.o
/usr/bin/c++    -DCXX_HAS_WARNING-Wpointer-arith   -Wpointer-arith -o CMakeFiles/cmTryCompileExec907124693.dir/src.cxx.o -c /mnt/projects/CSE_BME_AXM788/home/soumya/DEV/ANTs/build/CMakeFiles/CMakeTmp/src.cxx
<command-line>: warning: missing whitespace after the macro name
Linking CXX executable cmTryCompileExec907124693
/usr/local/cmake/2.8.10.2/bin/cmake -E cmake_link_script CMakeFiles/cmTryCompileExec907124693.dir/link.txt --verbose=1
/usr/bin/c++      -DCXX_HAS_WARNING-Wpointer-arith    CMakeFiles/cmTryCompileExec907124693.dir/src.cxx.o  -o cmTryCompileExec907124693 -rdynamic 
gmake[1]: Leaving directory `/mnt/projects/CSE_BME_AXM788/home/soumya/DEV/ANTs/build/CMakeFiles/CMakeTmp'

Source file was:
int main() { return 0;}
Performing C++ SOURCE FILE Test CXX_HAS_WARNING-Wshadow succeded with the following output:
Change Dir: /mnt/projects/CSE_BME_AXM788/home/soumya/DEV/ANTs/build/CMakeFiles/CMakeTmp

Run Build Command:/usr/bin/gmake "cmTryCompileExec3964955952/fast"
/usr/bin/gmake -f CMakeFiles/cmTryCompileExec3964955952.dir/build.make CMakeFiles/cmTryCompileExec3964955952.dir/build
gmake[1]: Entering directory `/mnt/projects/CSE_BME_AXM788/home/soumya/DEV/ANTs/build/CMakeFiles/CMakeTmp'
/usr/local/cmake/2.8.10.2/bin/cmake -E cmake_progress_report /mnt/projects/CSE_BME_AXM788/home/soumya/DEV/ANTs/build/CMakeFiles/CMakeTmp/CMakeFiles 1
Building CXX object CMakeFiles/cmTryCompileExec3964955952.dir/src.cxx.o
/usr/bin/c++    -DCXX_HAS_WARNING-Wshadow   -Wshadow -o CMakeFiles/cmTryCompileExec3964955952.dir/src.cxx.o -c /mnt/projects/CSE_BME_AXM788/home/soumya/DEV/ANTs/build/CMakeFiles/CMakeTmp/src.cxx
<command-line>: warning: missing whitespace after the macro name
Linking CXX executable cmTryCompileExec3964955952
/usr/local/cmake/2.8.10.2/bin/cmake -E cmake_link_script CMakeFiles/cmTryCompileExec3964955952.dir/link.txt --verbose=1
/usr/bin/c++      -DCXX_HAS_WARNING-Wshadow    CMakeFiles/cmTryCompileExec3964955952.dir/src.cxx.o  -o cmTryCompileExec3964955952 -rdynamic 
gmake[1]: Leaving directory `/mnt/projects/CSE_BME_AXM788/home/soumya/DEV/ANTs/build/CMakeFiles/CMakeTmp'

Source file was:
int main() { return 0;}
Performing C++ SOURCE FILE Test CXX_HAS_WARNING-Wunused succeded with the following output:
Change Dir: /mnt/projects/CSE_BME_AXM788/home/soumya/DEV/ANTs/build/CMakeFiles/CMakeTmp

Run Build Command:/usr/bin/gmake "cmTryCompileExec554789328/fast"
/usr/bin/gmake -f CMakeFiles/cmTryCompileExec554789328.dir/build.make CMakeFiles/cmTryCompileExec554789328.dir/build
gmake[1]: Entering directory `/mnt/projects/CSE_BME_AXM788/home/soumya/DEV/ANTs/build/CMakeFiles/CMakeTmp'
/usr/local/cmake/2.8.10.2/bin/cmake -E cmake_progress_report /mnt/projects/CSE_BME_AXM788/home/soumya/DEV/ANTs/build/CMakeFiles/CMakeTmp/CMakeFiles 1
Building CXX object CMakeFiles/cmTryCompileExec554789328.dir/src.cxx.o
/usr/bin/c++    -DCXX_HAS_WARNING-Wunused   -Wunused -o CMakeFiles/cmTryCompileExec554789328.dir/src.cxx.o -c /mnt/projects/CSE_BME_AXM788/home/soumya/DEV/ANTs/build/CMakeFiles/CMakeTmp/src.cxx
<command-line>: warning: missing whitespace after the macro name
Linking CXX executable cmTryCompileExec554789328
/usr/local/cmake/2.8.10.2/bin/cmake -E cmake_link_script CMakeFiles/cmTryCompileExec554789328.dir/link.txt --verbose=1
/usr/bin/c++      -DCXX_HAS_WARNING-Wunused    CMakeFiles/cmTryCompileExec554789328.dir/src.cxx.o  -o cmTryCompileExec554789328 -rdynamic 
gmake[1]: Leaving directory `/mnt/projects/CSE_BME_AXM788/home/soumya/DEV/ANTs/build/CMakeFiles/CMakeTmp'

Source file was:
int main() { return 0;}
Performing C++ SOURCE FILE Test CXX_HAS_WARNING-Wwrite-strings succeded with the following output:
Change Dir: /mnt/projects/CSE_BME_AXM788/home/soumya/DEV/ANTs/build/CMakeFiles/CMakeTmp

Run Build Command:/usr/bin/gmake "cmTryCompileExec3833749241/fast"
/usr/bin/gmake -f CMakeFiles/cmTryCompileExec3833749241.dir/build.make CMakeFiles/cmTryCompileExec3833749241.dir/build
gmake[1]: Entering directory `/mnt/projects/CSE_BME_AXM788/home/soumya/DEV/ANTs/build/CMakeFiles/CMakeTmp'
/usr/local/cmake/2.8.10.2/bin/cmake -E cmake_progress_report /mnt/projects/CSE_BME_AXM788/home/soumya/DEV/ANTs/build/CMakeFiles/CMakeTmp/CMakeFiles 1
Building CXX object CMakeFiles/cmTryCompileExec3833749241.dir/src.cxx.o
/usr/bin/c++    -DCXX_HAS_WARNING-Wwrite-strings   -Wwrite-strings -o CMakeFiles/cmTryCompileExec3833749241.dir/src.cxx.o -c /mnt/projects/CSE_BME_AXM788/home/soumya/DEV/ANTs/build/CMakeFiles/CMakeTmp/src.cxx
<command-line>: warning: missing whitespace after the macro name
Linking CXX executable cmTryCompileExec3833749241
/usr/local/cmake/2.8.10.2/bin/cmake -E cmake_link_script CMakeFiles/cmTryCompileExec3833749241.dir/link.txt --verbose=1
/usr/bin/c++      -DCXX_HAS_WARNING-Wwrite-strings    CMakeFiles/cmTryCompileExec3833749241.dir/src.cxx.o  -o cmTryCompileExec3833749241 -rdynamic 
gmake[1]: Leaving directory `/mnt/projects/CSE_BME_AXM788/home/soumya/DEV/ANTs/build/CMakeFiles/CMakeTmp'

Source file was:
int main() { return 0;}
Performing C++ SOURCE FILE Test CXX_HAS_WARNING-funit-at-a-time succeded with the following output:
Change Dir: /mnt/projects/CSE_BME_AXM788/home/soumya/DEV/ANTs/build/CMakeFiles/CMakeTmp

Run Build Command:/usr/bin/gmake "cmTryCompileExec919319782/fast"
/usr/bin/gmake -f CMakeFiles/cmTryCompileExec919319782.dir/build.make CMakeFiles/cmTryCompileExec919319782.dir/build
gmake[1]: Entering directory `/mnt/projects/CSE_BME_AXM788/home/soumya/DEV/ANTs/build/CMakeFiles/CMakeTmp'
/usr/local/cmake/2.8.10.2/bin/cmake -E cmake_progress_report /mnt/projects/CSE_BME_AXM788/home/soumya/DEV/ANTs/build/CMakeFiles/CMakeTmp/CMakeFiles 1
Building CXX object CMakeFiles/cmTryCompileExec919319782.dir/src.cxx.o
/usr/bin/c++    -DCXX_HAS_WARNING-funit-at-a-time   -funit-at-a-time -o CMakeFiles/cmTryCompileExec919319782.dir/src.cxx.o -c /mnt/projects/CSE_BME_AXM788/home/soumya/DEV/ANTs/build/CMakeFiles/CMakeTmp/src.cxx
<command-line>: warning: missing whitespace after the macro name
Linking CXX executable cmTryCompileExec919319782
/usr/local/cmake/2.8.10.2/bin/cmake -E cmake_link_script CMakeFiles/cmTryCompileExec919319782.dir/link.txt --verbose=1
/usr/bin/c++      -DCXX_HAS_WARNING-funit-at-a-time    CMakeFiles/cmTryCompileExec919319782.dir/src.cxx.o  -o cmTryCompileExec919319782 -rdynamic 
gmake[1]: Leaving directory `/mnt/projects/CSE_BME_AXM788/home/soumya/DEV/ANTs/build/CMakeFiles/CMakeTmp'

Source file was:
int main() { return 0;}
Performing C++ SOURCE FILE Test CXX_HAS_WARNING-Wno-strict-overflow succeded with the following output:
Change Dir: /mnt/projects/CSE_BME_AXM788/home/soumya/DEV/ANTs/build/CMakeFiles/CMakeTmp

Run Build Command:/usr/bin/gmake "cmTryCompileExec1104783135/fast"
/usr/bin/gmake -f CMakeFiles/cmTryCompileExec1104783135.dir/build.make CMakeFiles/cmTryCompileExec1104783135.dir/build
gmake[1]: Entering directory `/mnt/projects/CSE_BME_AXM788/home/soumya/DEV/ANTs/build/CMakeFiles/CMakeTmp'
/usr/local/cmake/2.8.10.2/bin/cmake -E cmake_progress_report /mnt/projects/CSE_BME_AXM788/home/soumya/DEV/ANTs/build/CMakeFiles/CMakeTmp/CMakeFiles 1
Building CXX object CMakeFiles/cmTryCompileExec1104783135.dir/src.cxx.o
/usr/bin/c++    -DCXX_HAS_WARNING-Wno-strict-overflow   -Wno-strict-overflow -o CMakeFiles/cmTryCompileExec1104783135.dir/src.cxx.o -c /mnt/projects/CSE_BME_AXM788/home/soumya/DEV/ANTs/build/CMakeFiles/CMakeTmp/src.cxx
<command-line>: warning: missing whitespace after the macro name
Linking CXX executable cmTryCompileExec1104783135
/usr/local/cmake/2.8.10.2/bin/cmake -E cmake_link_script CMakeFiles/cmTryCompileExec1104783135.dir/link.txt --verbose=1
/usr/bin/c++      -DCXX_HAS_WARNING-Wno-strict-overflow    CMakeFiles/cmTryCompileExec1104783135.dir/src.cxx.o  -o cmTryCompileExec1104783135 -rdynamic 
gmake[1]: Leaving directory `/mnt/projects/CSE_BME_AXM788/home/soumya/DEV/ANTs/build/CMakeFiles/CMakeTmp'

Source file was:
int main() { return 0;}
Performing C++ SOURCE FILE Test CXX_HAS_WARNING-Wno-deprecated succeded with the following output:
Change Dir: /mnt/projects/CSE_BME_AXM788/home/soumya/DEV/ANTs/build/CMakeFiles/CMakeTmp

Run Build Command:/usr/bin/gmake "cmTryCompileExec924657305/fast"
/usr/bin/gmake -f CMakeFiles/cmTryCompileExec924657305.dir/build.make CMakeFiles/cmTryCompileExec924657305.dir/build
gmake[1]: Entering directory `/mnt/projects/CSE_BME_AXM788/home/soumya/DEV/ANTs/build/CMakeFiles/CMakeTmp'
/usr/local/cmake/2.8.10.2/bin/cmake -E cmake_progress_report /mnt/projects/CSE_BME_AXM788/home/soumya/DEV/ANTs/build/CMakeFiles/CMakeTmp/CMakeFiles 1
Building CXX object CMakeFiles/cmTryCompileExec924657305.dir/src.cxx.o
/usr/bin/c++    -DCXX_HAS_WARNING-Wno-deprecated   -Wno-deprecated -o CMakeFiles/cmTryCompileExec924657305.dir/src.cxx.o -c /mnt/projects/CSE_BME_AXM788/home/soumya/DEV/ANTs/build/CMakeFiles/CMakeTmp/src.cxx
<command-line>: warning: missing whitespace after the macro name
Linking CXX executable cmTryCompileExec924657305
/usr/local/cmake/2.8.10.2/bin/cmake -E cmake_link_script CMakeFiles/cmTryCompileExec924657305.dir/link.txt --verbose=1
/usr/bin/c++      -DCXX_HAS_WARNING-Wno-deprecated    CMakeFiles/cmTryCompileExec924657305.dir/src.cxx.o  -o cmTryCompileExec924657305 -rdynamic 
gmake[1]: Leaving directory `/mnt/projects/CSE_BME_AXM788/home/soumya/DEV/ANTs/build/CMakeFiles/CMakeTmp'

Source file was:
int main() { return 0;}
Performing C++ SOURCE FILE Test CXX_HAS_WARNING-Wno-invalid-offsetof succeded with the following output:
Change Dir: /mnt/projects/CSE_BME_AXM788/home/soumya/DEV/ANTs/build/CMakeFiles/CMakeTmp

Run Build Command:/usr/bin/gmake "cmTryCompileExec1343244022/fast"
/usr/bin/gmake -f CMakeFiles/cmTryCompileExec1343244022.dir/build.make CMakeFiles/cmTryCompileExec1343244022.dir/build
gmake[1]: Entering directory `/mnt/projects/CSE_BME_AXM788/home/soumya/DEV/ANTs/build/CMakeFiles/CMakeTmp'
/usr/local/cmake/2.8.10.2/bin/cmake -E cmake_progress_report /mnt/projects/CSE_BME_AXM788/home/soumya/DEV/ANTs/build/CMakeFiles/CMakeTmp/CMakeFiles 1
Building CXX object CMakeFiles/cmTryCompileExec1343244022.dir/src.cxx.o
/usr/bin/c++    -DCXX_HAS_WARNING-Wno-invalid-offsetof   -Wno-invalid-offsetof -o CMakeFiles/cmTryCompileExec1343244022.dir/src.cxx.o -c /mnt/projects/CSE_BME_AXM788/home/soumya/DEV/ANTs/build/CMakeFiles/CMakeTmp/src.cxx
<command-line>: warning: missing whitespace after the macro name
Linking CXX executable cmTryCompileExec1343244022
/usr/local/cmake/2.8.10.2/bin/cmake -E cmake_link_script CMakeFiles/cmTryCompileExec1343244022.dir/link.txt --verbose=1
/usr/bin/c++      -DCXX_HAS_WARNING-Wno-invalid-offsetof    CMakeFiles/cmTryCompileExec1343244022.dir/src.cxx.o  -o cmTryCompileExec1343244022 -rdynamic 
gmake[1]: Leaving directory `/mnt/projects/CSE_BME_AXM788/home/soumya/DEV/ANTs/build/CMakeFiles/CMakeTmp'

Source file was:
int main() { return 0;}
Performing C++ SOURCE FILE Test CXX_HAS_WARNING-Woverloaded-virtual succeded with the following output:
Change Dir: /mnt/projects/CSE_BME_AXM788/home/soumya/DEV/ANTs/build/CMakeFiles/CMakeTmp

Run Build Command:/usr/bin/gmake "cmTryCompileExec3487670265/fast"
/usr/bin/gmake -f CMakeFiles/cmTryCompileExec3487670265.dir/build.make CMakeFiles/cmTryCompileExec3487670265.dir/build
gmake[1]: Entering directory `/mnt/projects/CSE_BME_AXM788/home/soumya/DEV/ANTs/build/CMakeFiles/CMakeTmp'
/usr/local/cmake/2.8.10.2/bin/cmake -E cmake_progress_report /mnt/projects/CSE_BME_AXM788/home/soumya/DEV/ANTs/build/CMakeFiles/CMakeTmp/CMakeFiles 1
Building CXX object CMakeFiles/cmTryCompileExec3487670265.dir/src.cxx.o
/usr/bin/c++    -DCXX_HAS_WARNING-Woverloaded-virtual   -Woverloaded-virtual -o CMakeFiles/cmTryCompileExec3487670265.dir/src.cxx.o -c /mnt/projects/CSE_BME_AXM788/home/soumya/DEV/ANTs/build/CMakeFiles/CMakeTmp/src.cxx
<command-line>: warning: missing whitespace after the macro name
Linking CXX executable cmTryCompileExec3487670265
/usr/local/cmake/2.8.10.2/bin/cmake -E cmake_link_script CMakeFiles/cmTryCompileExec3487670265.dir/link.txt --verbose=1
/usr/bin/c++      -DCXX_HAS_WARNING-Woverloaded-virtual    CMakeFiles/cmTryCompileExec3487670265.dir/src.cxx.o  -o cmTryCompileExec3487670265 -rdynamic 
gmake[1]: Leaving directory `/mnt/projects/CSE_BME_AXM788/home/soumya/DEV/ANTs/build/CMakeFiles/CMakeTmp'

Source file was:
int main() { return 0;}
Performing C++ SOURCE FILE Test CXX_HAS_WARNING-Wstrict-null-sentinel succeded with the following output:
Change Dir: /mnt/projects/CSE_BME_AXM788/home/soumya/DEV/ANTs/build/CMakeFiles/CMakeTmp

Run Build Command:/usr/bin/gmake "cmTryCompileExec914773926/fast"
/usr/bin/gmake -f CMakeFiles/cmTryCompileExec914773926.dir/build.make CMakeFiles/cmTryCompileExec914773926.dir/build
gmake[1]: Entering directory `/mnt/projects/CSE_BME_AXM788/home/soumya/DEV/ANTs/build/CMakeFiles/CMakeTmp'
/usr/local/cmake/2.8.10.2/bin/cmake -E cmake_progress_report /mnt/projects/CSE_BME_AXM788/home/soumya/DEV/ANTs/build/CMakeFiles/CMakeTmp/CMakeFiles 1
Building CXX object CMakeFiles/cmTryCompileExec914773926.dir/src.cxx.o
/usr/bin/c++    -DCXX_HAS_WARNING-Wstrict-null-sentinel   -Wstrict-null-sentinel -o CMakeFiles/cmTryCompileExec914773926.dir/src.cxx.o -c /mnt/projects/CSE_BME_AXM788/home/soumya/DEV/ANTs/build/CMakeFiles/CMakeTmp/src.cxx
<command-line>: warning: missing whitespace after the macro name
Linking CXX executable cmTryCompileExec914773926
/usr/local/cmake/2.8.10.2/bin/cmake -E cmake_link_script CMakeFiles/cmTryCompileExec914773926.dir/link.txt --verbose=1
/usr/bin/c++      -DCXX_HAS_WARNING-Wstrict-null-sentinel    CMakeFiles/cmTryCompileExec914773926.dir/src.cxx.o  -o cmTryCompileExec914773926 -rdynamic 
gmake[1]: Leaving directory `/mnt/projects/CSE_BME_AXM788/home/soumya/DEV/ANTs/build/CMakeFiles/CMakeTmp'

Source file was:
int main() { return 0;}
